2025-11-13T21:05:19.615164480Z [inf]  
2025-11-13T21:05:23.178382864Z [inf]  [35m[Region: asia-southeast1][0m
2025-11-13T21:05:23.181185388Z [inf]  [35m=========================
2025-11-13T21:05:23.181221669Z [inf]  Using Detected Dockerfile
2025-11-13T21:05:23.181225683Z [inf]  =========================
2025-11-13T21:05:23.181229180Z [inf]  [0m
2025-11-13T21:05:23.181243137Z [inf]  context: v668-JXoh
2025-11-13T21:05:23.352132222Z [inf]  [internal] load build definition from Dockerfile
2025-11-13T21:05:23.352187356Z [inf]  [internal] load build definition from Dockerfile
2025-11-13T21:05:23.352201238Z [inf]  [internal] load build definition from Dockerfile
2025-11-13T21:05:23.352211973Z [inf]  [internal] load build definition from Dockerfile
2025-11-13T21:05:23.363026126Z [inf]  [internal] load build definition from Dockerfile
2025-11-13T21:05:23.365135966Z [inf]  [internal] load metadata for docker.io/library/python:3.11-slim
2025-11-13T21:05:23.653853038Z [inf]  [internal] load metadata for docker.io/library/python:3.11-slim
2025-11-13T21:05:23.654120627Z [inf]  [internal] load .dockerignore
2025-11-13T21:05:23.654143118Z [inf]  [internal] load .dockerignore
2025-11-13T21:05:23.654225600Z [inf]  [internal] load .dockerignore
2025-11-13T21:05:23.663767416Z [inf]  [internal] load .dockerignore
2025-11-13T21:05:23.667410907Z [inf]  [9/9] COPY test_quiz.py .
2025-11-13T21:05:23.667451276Z [inf]  [8/9] COPY main.py .
2025-11-13T21:05:23.667458935Z [inf]  [7/9] RUN playwright install-deps chromium
2025-11-13T21:05:23.667465821Z [inf]  [6/9] RUN playwright install chromium
2025-11-13T21:05:23.667473575Z [inf]  [5/9] RUN pip install --no-cache-dir -r requirements.txt
2025-11-13T21:05:23.667484147Z [inf]  [4/9] COPY requirements.txt .
2025-11-13T21:05:23.667491065Z [inf]  [internal] load build context
2025-11-13T21:05:23.667500061Z [inf]  [3/9] RUN apt-get update && apt-get install -y     wget     gnupg     ca-certificates     fonts-liberation     libasound2     libatk-bridge2.0-0     libatk1.0-0     libcups2     libdbus-1-3     libdrm2     libgbm1     libgtk-3-0     libnspr4     libnss3     libx11-xcb1     libxcomposite1     libxdamage1     libxrandr2     xdg-utils     && rm -rf /var/lib/apt/lists/*
2025-11-13T21:05:23.667507079Z [inf]  [2/9] WORKDIR /app
2025-11-13T21:05:23.667521505Z [inf]  [1/9] FROM docker.io/library/python:3.11-slim@sha256:e4676722fba839e2e5cdb844a52262b43e90e56dbd55b7ad953ee3615ad7534f
2025-11-13T21:05:23.667535033Z [inf]  [internal] load build context
2025-11-13T21:05:23.667541081Z [inf]  [1/9] FROM docker.io/library/python:3.11-slim@sha256:e4676722fba839e2e5cdb844a52262b43e90e56dbd55b7ad953ee3615ad7534f
2025-11-13T21:05:23.667550808Z [inf]  [internal] load build context
2025-11-13T21:05:23.675932232Z [inf]  [1/9] FROM docker.io/library/python:3.11-slim@sha256:e4676722fba839e2e5cdb844a52262b43e90e56dbd55b7ad953ee3615ad7534f
2025-11-13T21:05:23.676312215Z [inf]  [3/9] RUN apt-get update && apt-get install -y     wget     gnupg     ca-certificates     fonts-liberation     libasound2     libatk-bridge2.0-0     libatk1.0-0     libcups2     libdbus-1-3     libdrm2     libgbm1     libgtk-3-0     libnspr4     libnss3     libx11-xcb1     libxcomposite1     libxdamage1     libxrandr2     xdg-utils     && rm -rf /var/lib/apt/lists/*
2025-11-13T21:05:23.680275304Z [inf]  [internal] load build context
2025-11-13T21:05:23.681523565Z [inf]  [3/9] RUN apt-get update && apt-get install -y     wget     gnupg     ca-certificates     fonts-liberation     libasound2     libatk-bridge2.0-0     libatk1.0-0     libcups2     libdbus-1-3     libdrm2     libgbm1     libgtk-3-0     libnspr4     libnss3     libx11-xcb1     libxcomposite1     libxdamage1     libxrandr2     xdg-utils     && rm -rf /var/lib/apt/lists/*
2025-11-13T21:05:23.681558661Z [inf]  [4/9] COPY requirements.txt .
2025-11-13T21:05:23.681568968Z [inf]  [5/9] RUN pip install --no-cache-dir -r requirements.txt
2025-11-13T21:05:23.681576524Z [inf]  [6/9] RUN playwright install chromium
2025-11-13T21:05:23.681605962Z [inf]  [7/9] RUN playwright install-deps chromium
2025-11-13T21:05:23.681612991Z [inf]  [8/9] COPY main.py .
2025-11-13T21:05:23.681626332Z [err]  [9/9] COPY test_quiz.py .
2025-11-13T21:05:23.842665087Z [inf]  runc run failed: container process is already dead

2025-11-13T21:05:23.859430316Z [err]  [3/9] RUN apt-get update && apt-get install -y     wget     gnupg     ca-certificates     fonts-liberation     libasound2     libatk-bridge2.0-0     libatk1.0-0     libcups2     libdbus-1-3     libdrm2     libgbm1     libgtk-3-0     libnspr4     libnss3     libx11-xcb1     libxcomposite1     libxdamage1     libxrandr2     xdg-utils     && rm -rf /var/lib/apt/lists/*
2025-11-13T21:05:23.877264211Z [err]  Dockerfile:42
2025-11-13T21:05:23.877307248Z [err]  -------------------
2025-11-13T21:05:23.877313625Z [err]  40 |     # Copy application code
2025-11-13T21:05:23.877319177Z [err]  41 |     COPY main.py .
2025-11-13T21:05:23.877325259Z [err]  42 | >>> COPY test_quiz.py .
2025-11-13T21:05:23.877341528Z [err]  43 |
2025-11-13T21:05:23.877346628Z [err]  44 |     # Expose port
2025-11-13T21:05:23.877351458Z [err]  -------------------
2025-11-13T21:05:23.877356499Z [err]  ERROR: failed to build: failed to solve: failed to compute cache key: failed to calculate checksum of ref veynomb405o1ln5gyl57cwv9f::2qkeayxh6di6d98cu2ml479ee: "/test_quiz.py": not found