2025-11-13T21:11:52.464248486Z [inf]  Selecting previously unselected package libsasl2-2:amd64.

2025-11-13T21:11:52.46502682Z [inf]  Preparing to unpack .../077-libsasl2-2_2.1.28+dfsg1-9_amd64.deb ...

2025-11-13T21:11:52.466244732Z [inf]  Unpacking libsasl2-2:amd64 (2.1.28+dfsg1-9) ...

2025-11-13T21:11:52.483703212Z [inf]  Selecting previously unselected package libldap2:amd64.

2025-11-13T21:11:52.484862233Z [inf]  Preparing to unpack .../078-libldap2_2.6.10+dfsg-1_amd64.deb ...

2025-11-13T21:11:52.486112359Z [inf]  Unpacking libldap2:amd64 (2.6.10+dfsg-1) ...

2025-11-13T21:11:52.50919978Z [inf]  Selecting previously unselected package libnpth0t64:amd64.

2025-11-13T21:11:52.510423003Z [inf]  Preparing to unpack .../079-libnpth0t64_1.8-3_amd64.deb ...

2025-11-13T21:11:52.511870553Z [inf]  Unpacking libnpth0t64:amd64 (1.8-3) ...

2025-11-13T21:11:52.528253732Z [inf]  Selecting previously unselected package dirmngr.

2025-11-13T21:11:52.52940454Z [inf]  Preparing to unpack .../080-dirmngr_2.4.7-21+b3_amd64.deb ...

2025-11-13T21:11:52.541267916Z [inf]  Unpacking dirmngr (2.4.7-21+b3) ...

2025-11-13T21:11:52.572682908Z [inf]  Selecting previously unselected package libdevmapper1.02.1:amd64.

2025-11-13T21:11:52.573863464Z [inf]  Preparing to unpack .../081-libdevmapper1.02.1_2%3a1.02.205-2_amd64.deb ...

2025-11-13T21:11:52.575191988Z [inf]  Unpacking libdevmapper1.02.1:amd64 (2:1.02.205-2) ...

2025-11-13T21:11:52.595430658Z [inf]  Selecting previously unselected package dmsetup.

2025-11-13T21:11:52.596734672Z [inf]  Preparing to unpack .../082-dmsetup_2%3a1.02.205-2_amd64.deb ...

2025-11-13T21:11:52.598210721Z [inf]  Unpacking dmsetup (2:1.02.205-2) ...

2025-11-13T21:11:52.6165844Z [inf]  Selecting previously unselected package libbrotli1:amd64.

2025-11-13T21:11:52.617884638Z [inf]  Preparing to unpack .../083-libbrotli1_1.1.0-2+b7_amd64.deb ...

2025-11-13T21:11:52.625047384Z [inf]  Unpacking libbrotli1:amd64 (1.1.0-2+b7) ...

2025-11-13T21:11:52.655687496Z [inf]  Selecting previously unselected package libfreetype6:amd64.

2025-11-13T21:11:52.65696321Z [inf]  Preparing to unpack .../084-libfreetype6_2.13.3+dfsg-1_amd64.deb ...

2025-11-13T21:11:52.65820497Z [inf]  Unpacking libfreetype6:amd64 (2.13.3+dfsg-1) ...

2025-11-13T21:11:52.687358145Z [inf]  Selecting previously unselected package fonts-liberation.

2025-11-13T21:11:52.688527974Z [inf]  Preparing to unpack .../085-fonts-liberation_1%3a2.1.5-3_all.deb ...

2025-11-13T21:11:52.689647391Z [inf]  Unpacking fonts-liberation (1:2.1.5-3) ...

2025-11-13T21:11:52.766602465Z [inf]  Selecting previously unselected package fontconfig-config.

2025-11-13T21:11:52.767828719Z [inf]  Preparing to unpack .../086-fontconfig-config_2.15.0-2.3_amd64.deb ...

2025-11-13T21:11:52.769041116Z [inf]  Unpacking fontconfig-config (2.15.0-2.3) ...

2025-11-13T21:11:52.79168365Z [inf]  Selecting previously unselected package libfontconfig1:amd64.

2025-11-13T21:11:52.793032516Z [inf]  Preparing to unpack .../087-libfontconfig1_2.15.0-2.3_amd64.deb ...

2025-11-13T21:11:52.794384748Z [inf]  Unpacking libfontconfig1:amd64 (2.15.0-2.3) ...

2025-11-13T21:11:52.817330495Z [inf]  Selecting previously unselected package fontconfig.

2025-11-13T21:11:52.818570964Z [inf]  Preparing to unpack .../088-fontconfig_2.15.0-2.3_amd64.deb ...

2025-11-13T21:11:52.819920266Z [inf]  Unpacking fontconfig (2.15.0-2.3) ...

2025-11-13T21:11:52.841607063Z [inf]  Selecting previously unselected package fonts-liberation-sans-narrow.

2025-11-13T21:11:52.842770302Z [inf]  Preparing to unpack .../089-fonts-liberation-sans-narrow_1%3a1.07.6-4_all.deb ...

2025-11-13T21:11:52.844161766Z [inf]  Unpacking fonts-liberation-sans-narrow (1:1.07.6-4) ...

2025-11-13T21:11:52.865991007Z [inf]  Selecting previously unselected package gnupg-l10n.

2025-11-13T21:11:52.867246692Z [inf]  Preparing to unpack .../090-gnupg-l10n_2.4.7-21_all.deb ...

2025-11-13T21:11:52.868976131Z [inf]  Unpacking gnupg-l10n (2.4.7-21) ...

2025-11-13T21:11:52.921406407Z [inf]  Selecting previously unselected package gpg.

2025-11-13T21:11:52.922579272Z [inf]  Preparing to unpack .../091-gpg_2.4.7-21+b3_amd64.deb ...

2025-11-13T21:11:52.923997166Z [inf]  Unpacking gpg (2.4.7-21+b3) ...

2025-11-13T21:11:53.015928249Z [inf]  Selecting previously unselected package pinentry-curses.

2025-11-13T21:11:53.017242391Z [inf]  Preparing to unpack .../092-pinentry-curses_1.3.1-2_amd64.deb ...

2025-11-13T21:11:53.020391255Z [inf]  Unpacking pinentry-curses (1.3.1-2) ...

2025-11-13T21:11:53.051667305Z [inf]  Selecting previously unselected package gpg-agent.

2025-11-13T21:11:53.05291474Z [inf]  Preparing to unpack .../093-gpg-agent_2.4.7-21+b3_amd64.deb ...

2025-11-13T21:11:53.054069644Z [inf]  Unpacking gpg-agent (2.4.7-21+b3) ...

2025-11-13T21:11:53.082464157Z [inf]  Selecting previously unselected package gpgsm.

2025-11-13T21:11:53.083838633Z [inf]  Preparing to unpack .../094-gpgsm_2.4.7-21+b3_amd64.deb ...

2025-11-13T21:11:53.085490551Z [inf]  Unpacking gpgsm (2.4.7-21+b3) ...

2025-11-13T21:11:53.117828863Z [inf]  Selecting previously unselected package gnupg.

2025-11-13T21:11:53.119258697Z [inf]  Preparing to unpack .../095-gnupg_2.4.7-21_all.deb ...

2025-11-13T21:11:53.120431642Z [inf]  Unpacking gnupg (2.4.7-21) ...

2025-11-13T21:11:53.14522203Z [inf]  Selecting previously unselected package gpg-wks-client.

2025-11-13T21:11:53.146951799Z [inf]  Preparing to unpack .../096-gpg-wks-client_2.4.7-21+b3_amd64.deb ...

2025-11-13T21:11:53.148217945Z [inf]  Unpacking gpg-wks-client (2.4.7-21+b3) ...

2025-11-13T21:11:53.166629262Z [inf]  Selecting previously unselected package gpgv.

2025-11-13T21:11:53.167797878Z [inf]  Preparing to unpack .../097-gpgv_2.4.7-21+b3_amd64.deb ...

2025-11-13T21:11:53.168945892Z [inf]  Unpacking gpgv (2.4.7-21+b3) ...

2025-11-13T21:11:53.19445992Z [inf]  Selecting previously unselected package libatk1.0-0t64:amd64.

2025-11-13T21:11:53.195722181Z [inf]  Preparing to unpack .../098-libatk1.0-0t64_2.56.2-1_amd64.deb ...

2025-11-13T21:11:53.197047823Z [inf]  Unpacking libatk1.0-0t64:amd64 (2.56.2-1) ...

2025-11-13T21:11:53.214893314Z [inf]  Selecting previously unselected package libatk-bridge2.0-0t64:amd64.

2025-11-13T21:11:53.216071786Z [inf]  Preparing to unpack .../099-libatk-bridge2.0-0t64_2.56.2-1_amd64.deb ...

2025-11-13T21:11:53.217445527Z [inf]  Unpacking libatk-bridge2.0-0t64:amd64 (2.56.2-1) ...

2025-11-13T21:11:53.234287608Z [inf]  Selecting previously unselected package libauthen-sasl-perl.

2025-11-13T21:11:53.235515822Z [inf]  Preparing to unpack .../100-libauthen-sasl-perl_2.1700-1_all.deb ...

2025-11-13T21:11:53.236890236Z [inf]  Unpacking libauthen-sasl-perl (2.1700-1) ...

2025-11-13T21:11:53.253003797Z [inf]  Selecting previously unselected package libavahi-common-data:amd64.

2025-11-13T21:11:53.254286286Z [inf]  Preparing to unpack .../101-libavahi-common-data_0.8-16_amd64.deb ...

2025-11-13T21:11:53.255613547Z [inf]  Unpacking libavahi-common-data:amd64 (0.8-16) ...

2025-11-13T21:11:53.278001948Z [inf]  Selecting previously unselected package libavahi-common3:amd64.

2025-11-13T21:11:53.279414347Z [inf]  Preparing to unpack .../102-libavahi-common3_0.8-16_amd64.deb ...

2025-11-13T21:11:53.280887038Z [inf]  Unpacking libavahi-common3:amd64 (0.8-16) ...

2025-11-13T21:11:53.297926298Z [inf]  Selecting previously unselected package libavahi-client3:amd64.

2025-11-13T21:11:53.299137466Z [inf]  Preparing to unpack .../103-libavahi-client3_0.8-16_amd64.deb ...

2025-11-13T21:11:53.300437546Z [inf]  Unpacking libavahi-client3:amd64 (0.8-16) ...

2025-11-13T21:11:53.317734395Z [inf]  Selecting previously unselected package libpixman-1-0:amd64.

2025-11-13T21:11:53.318988821Z [inf]  Preparing to unpack .../104-libpixman-1-0_0.44.0-3_amd64.deb ...

2025-11-13T21:11:53.320322954Z [inf]  Unpacking libpixman-1-0:amd64 (0.44.0-3) ...

2025-11-13T21:11:53.34904381Z [inf]  Selecting previously unselected package libxcb-render0:amd64.

2025-11-13T21:11:53.350327189Z [inf]  Preparing to unpack .../105-libxcb-render0_1.17.0-2+b1_amd64.deb ...

2025-11-13T21:11:53.351724884Z [inf]  Unpacking libxcb-render0:amd64 (1.17.0-2+b1) ...

2025-11-13T21:11:53.370174946Z [inf]  Selecting previously unselected package libxcb-shm0:amd64.

2025-11-13T21:11:53.371724409Z [inf]  Preparing to unpack .../106-libxcb-shm0_1.17.0-2+b1_amd64.deb ...

2025-11-13T21:11:53.372948776Z [inf]  Unpacking libxcb-shm0:amd64 (1.17.0-2+b1) ...

2025-11-13T21:11:53.390946966Z [inf]  Selecting previously unselected package libxrender1:amd64.

2025-11-13T21:11:53.392241392Z [inf]  Preparing to unpack .../107-libxrender1_1%3a0.9.12-1_amd64.deb ...

2025-11-13T21:11:53.39357059Z [inf]  Unpacking libxrender1:amd64 (1:0.9.12-1) ...

2025-11-13T21:11:53.410784369Z [inf]  Selecting previously unselected package libcairo2:amd64.

2025-11-13T21:11:53.412077684Z [inf]  Preparing to unpack .../108-libcairo2_1.18.4-1+b1_amd64.deb ...

2025-11-13T21:11:53.413395809Z [inf]  Unpacking libcairo2:amd64 (1.18.4-1+b1) ...

2025-11-13T21:11:53.450865343Z [inf]  Selecting previously unselected package libcairo-gobject2:amd64.

2025-11-13T21:11:53.452106459Z [inf]  Preparing to unpack .../109-libcairo-gobject2_1.18.4-1+b1_amd64.deb ...

2025-11-13T21:11:53.453416247Z [inf]  Unpacking libcairo-gobject2:amd64 (1.18.4-1+b1) ...

2025-11-13T21:11:53.472825251Z [inf]  Selecting previously unselected package libclone-perl:amd64.

2025-11-13T21:11:53.473970235Z [inf]  Preparing to unpack .../110-libclone-perl_0.47-1+b1_amd64.deb ...

2025-11-13T21:11:53.475436953Z [inf]  Unpacking libclone-perl:amd64 (0.47-1+b1) ...

2025-11-13T21:11:53.493061219Z [inf]  Selecting previously unselected package libcloudproviders0:amd64.

2025-11-13T21:11:53.49428288Z [inf]  Preparing to unpack .../111-libcloudproviders0_0.3.6-2_amd64.deb ...

2025-11-13T21:11:53.495862051Z [inf]  Unpacking libcloudproviders0:amd64 (0.3.6-2) ...

2025-11-13T21:11:53.514120617Z [inf]  Selecting previously unselected package liblcms2-2:amd64.

2025-11-13T21:11:53.515323811Z [inf]  Preparing to unpack .../112-liblcms2-2_2.16-2_amd64.deb ...

2025-11-13T21:11:53.516494126Z [inf]  Unpacking liblcms2-2:amd64 (2.16-2) ...

2025-11-13T21:11:53.539256256Z [inf]  Selecting previously unselected package libcolord2:amd64.

2025-11-13T21:11:53.54050517Z [inf]  Preparing to unpack .../113-libcolord2_1.4.7-3_amd64.deb ...

2025-11-13T21:11:53.54172448Z [inf]  Unpacking libcolord2:amd64 (1.4.7-3) ...

2025-11-13T21:11:53.562948209Z [inf]  Selecting previously unselected package libcom-err2:amd64.

2025-11-13T21:11:53.564179858Z [inf]  Preparing to unpack .../114-libcom-err2_1.47.2-3+b3_amd64.deb ...

2025-11-13T21:11:53.56543714Z [inf]  Unpacking libcom-err2:amd64 (1.47.2-3+b3) ...

2025-11-13T21:11:53.581043531Z [inf]  Selecting previously unselected package libjson-c5:amd64.

2025-11-13T21:11:53.582310904Z [inf]  Preparing to unpack .../115-libjson-c5_0.18+ds-1_amd64.deb ...

2025-11-13T21:11:53.583515053Z [inf]  Unpacking libjson-c5:amd64 (0.18+ds-1) ...

2025-11-13T21:11:53.599957128Z [inf]  Selecting previously unselected package libcryptsetup12:amd64.

2025-11-13T21:11:53.601198906Z [inf]  Preparing to unpack .../116-libcryptsetup12_2%3a2.7.5-2_amd64.deb ...

2025-11-13T21:11:53.602361293Z [inf]  Unpacking libcryptsetup12:amd64 (2:2.7.5-2) ...

2025-11-13T21:11:53.62788245Z [inf]  Selecting previously unselected package libkrb5support0:amd64.

2025-11-13T21:11:53.629340013Z [inf]  Preparing to unpack .../117-libkrb5support0_1.21.3-5_amd64.deb ...

2025-11-13T21:11:53.630533014Z [inf]  Unpacking libkrb5support0:amd64 (1.21.3-5) ...

2025-11-13T21:11:53.647102719Z [inf]  Selecting previously unselected package libk5crypto3:amd64.

2025-11-13T21:11:53.648399364Z [inf]  Preparing to unpack .../118-libk5crypto3_1.21.3-5_amd64.deb ...

2025-11-13T21:11:53.649615521Z [inf]  Unpacking libk5crypto3:amd64 (1.21.3-5) ...

2025-11-13T21:11:53.668753271Z [inf]  Selecting previously unselected package libkeyutils1:amd64.

2025-11-13T21:11:53.669987107Z [inf]  Preparing to unpack .../119-libkeyutils1_1.6.3-6_amd64.deb ...

2025-11-13T21:11:53.671126263Z [inf]  Unpacking libkeyutils1:amd64 (1.6.3-6) ...

2025-11-13T21:11:53.686507983Z [inf]  Selecting previously unselected package libkrb5-3:amd64.

2025-11-13T21:11:53.687856999Z [inf]  Preparing to unpack .../120-libkrb5-3_1.21.3-5_amd64.deb ...

2025-11-13T21:11:53.689145053Z [inf]  Unpacking libkrb5-3:amd64 (1.21.3-5) ...

2025-11-13T21:11:53.720390318Z [inf]  Selecting previously unselected package libgssapi-krb5-2:amd64.

2025-11-13T21:11:53.721644361Z [inf]  Preparing to unpack .../121-libgssapi-krb5-2_1.21.3-5_amd64.deb ...

2025-11-13T21:11:53.722728607Z [inf]  Unpacking libgssapi-krb5-2:amd64 (1.21.3-5) ...

2025-11-13T21:11:53.743750606Z [inf]  Selecting previously unselected package libcups2t64:amd64.

2025-11-13T21:11:53.745006823Z [inf]  Preparing to unpack .../122-libcups2t64_2.4.10-3+deb13u1_amd64.deb ...

2025-11-13T21:11:53.746142915Z [inf]  Unpacking libcups2t64:amd64 (2.4.10-3+deb13u1) ...

2025-11-13T21:11:53.76933032Z [inf]  Selecting previously unselected package libdata-dump-perl.

2025-11-13T21:11:53.770631513Z [inf]  Preparing to unpack .../123-libdata-dump-perl_1.25-1_all.deb ...

2025-11-13T21:11:53.771727963Z [inf]  Unpacking libdata-dump-perl (1.25-1) ...

2025-11-13T21:11:53.787434092Z [inf]  Selecting previously unselected package libdatrie1:amd64.

2025-11-13T21:11:53.788796278Z [inf]  Preparing to unpack .../124-libdatrie1_0.2.13-3+b1_amd64.deb ...

2025-11-13T21:11:53.790337364Z [inf]  Unpacking libdatrie1:amd64 (0.2.13-3+b1) ...

2025-11-13T21:11:53.805510131Z [inf]  Selecting previously unselected package libdav1d7:amd64.

2025-11-13T21:11:53.806666135Z [inf]  Preparing to unpack .../125-libdav1d7_1.5.1-1_amd64.deb ...

2025-11-13T21:11:53.807686565Z [inf]  Unpacking libdav1d7:amd64 (1.5.1-1) ...

2025-11-13T21:11:53.84777534Z [inf]  Selecting previously unselected package libdrm-common.

2025-11-13T21:11:53.849037467Z [inf]  Preparing to unpack .../126-libdrm-common_2.4.124-2_all.deb ...

2025-11-13T21:11:53.850149484Z [inf]  Unpacking libdrm-common (2.4.124-2) ...

2025-11-13T21:11:53.865033431Z [inf]  Selecting previously unselected package libdrm2:amd64.

2025-11-13T21:11:53.86630148Z [inf]  Preparing to unpack .../127-libdrm2_2.4.124-2_amd64.deb ...

2025-11-13T21:11:53.86747344Z [inf]  Unpacking libdrm2:amd64 (2.4.124-2) ...

2025-11-13T21:11:53.883305941Z [inf]  Selecting previously unselected package libdrm-amdgpu1:amd64.

2025-11-13T21:11:53.884542696Z [inf]  Preparing to unpack .../128-libdrm-amdgpu1_2.4.124-2_amd64.deb ...

2025-11-13T21:11:53.88568461Z [inf]  Unpacking libdrm-amdgpu1:amd64 (2.4.124-2) ...

2025-11-13T21:11:53.901231702Z [inf]  Selecting previously unselected package libpciaccess0:amd64.

2025-11-13T21:11:53.902461439Z [inf]  Preparing to unpack .../129-libpciaccess0_0.17-3+b3_amd64.deb ...

2025-11-13T21:11:53.903759165Z [inf]  Unpacking libpciaccess0:amd64 (0.17-3+b3) ...

2025-11-13T21:11:53.919753148Z [inf]  Selecting previously unselected package libdrm-intel1:amd64.

2025-11-13T21:11:53.920944749Z [inf]  Preparing to unpack .../130-libdrm-intel1_2.4.124-2_amd64.deb ...

2025-11-13T21:11:53.922384954Z [inf]  Unpacking libdrm-intel1:amd64 (2.4.124-2) ...

2025-11-13T21:11:53.939876325Z [inf]  Selecting previously unselected package libedit2:amd64.

2025-11-13T21:11:53.941087128Z [inf]  Preparing to unpack .../131-libedit2_3.1-20250104-1_amd64.deb ...

2025-11-13T21:11:53.942483983Z [inf]  Unpacking libedit2:amd64 (3.1-20250104-1) ...

2025-11-13T21:11:53.962947854Z [inf]  Selecting previously unselected package libwayland-server0:amd64.

2025-11-13T21:11:53.964194669Z [inf]  Preparing to unpack .../132-libwayland-server0_1.23.1-3_amd64.deb ...

2025-11-13T21:11:53.965483312Z [inf]  Unpacking libwayland-server0:amd64 (1.23.1-3) ...

2025-11-13T21:11:53.982667425Z [inf]  Selecting previously unselected package libelf1t64:amd64.

2025-11-13T21:11:53.983915327Z [inf]  Preparing to unpack .../133-libelf1t64_0.192-4_amd64.deb ...

2025-11-13T21:11:53.9851358Z [inf]  Unpacking libelf1t64:amd64 (0.192-4) ...

2025-11-13T21:11:54.009578075Z [inf]  Selecting previously unselected package libz3-4:amd64.

2025-11-13T21:11:54.010849291Z [inf]  Preparing to unpack .../134-libz3-4_4.13.3-1_amd64.deb ...

2025-11-13T21:11:54.012107422Z [inf]  Unpacking libz3-4:amd64 (4.13.3-1) ...

2025-11-13T21:11:54.354034863Z [inf]  Selecting previously unselected package libllvm19:amd64.

2025-11-13T21:11:54.355565661Z [inf]  Preparing to unpack .../135-libllvm19_1%3a19.1.7-3+b1_amd64.deb ...

2025-11-13T21:11:54.356968182Z [inf]  Unpacking libllvm19:amd64 (1:19.1.7-3+b1) ...

2025-11-13T21:11:54.880205806Z [inf]  Selecting previously unselected package libsensors-config.

2025-11-13T21:11:54.881655191Z [inf]  Preparing to unpack .../136-libsensors-config_1%3a3.6.2-2_all.deb ...

2025-11-13T21:11:54.883167039Z [inf]  Unpacking libsensors-config (1:3.6.2-2) ...

2025-11-13T21:11:54.900418919Z [inf]  Selecting previously unselected package libsensors5:amd64.

2025-11-13T21:11:54.901713321Z [inf]  Preparing to unpack .../137-libsensors5_1%3a3.6.2-2_amd64.deb ...

2025-11-13T21:11:54.902931544Z [inf]  Unpacking libsensors5:amd64 (1:3.6.2-2) ...

2025-11-13T21:11:54.919456184Z [inf]  Selecting previously unselected package libx11-xcb1:amd64.

2025-11-13T21:11:54.920738408Z [inf]  Preparing to unpack .../138-libx11-xcb1_2%3a1.8.12-1_amd64.deb ...

2025-11-13T21:11:54.922119Z [inf]  Unpacking libx11-xcb1:amd64 (2:1.8.12-1) ...

2025-11-13T21:11:54.942874786Z [inf]  Selecting previously unselected package libxcb-dri3-0:amd64.

2025-11-13T21:11:54.944347126Z [inf]  Preparing to unpack .../139-libxcb-dri3-0_1.17.0-2+b1_amd64.deb ...

2025-11-13T21:11:54.945569242Z [inf]  Unpacking libxcb-dri3-0:amd64 (1.17.0-2+b1) ...

2025-11-13T21:11:54.966360506Z [inf]  Selecting previously unselected package libxcb-present0:amd64.

2025-11-13T21:11:54.967647313Z [inf]  Preparing to unpack .../140-libxcb-present0_1.17.0-2+b1_amd64.deb ...

2025-11-13T21:11:54.968982358Z [inf]  Unpacking libxcb-present0:amd64 (1.17.0-2+b1) ...

2025-11-13T21:11:54.991029372Z [inf]  Selecting previously unselected package libxcb-randr0:amd64.

2025-11-13T21:11:54.992353147Z [inf]  Preparing to unpack .../141-libxcb-randr0_1.17.0-2+b1_amd64.deb ...

2025-11-13T21:11:54.993740693Z [inf]  Unpacking libxcb-randr0:amd64 (1.17.0-2+b1) ...

2025-11-13T21:11:55.013001789Z [inf]  Selecting previously unselected package libxcb-sync1:amd64.

2025-11-13T21:11:55.01425787Z [inf]  Preparing to unpack .../142-libxcb-sync1_1.17.0-2+b1_amd64.deb ...

2025-11-13T21:11:55.015527569Z [inf]  Unpacking libxcb-sync1:amd64 (1.17.0-2+b1) ...

2025-11-13T21:11:55.033923254Z [inf]  Selecting previously unselected package libxcb-xfixes0:amd64.

2025-11-13T21:11:55.035157377Z [inf]  Preparing to unpack .../143-libxcb-xfixes0_1.17.0-2+b1_amd64.deb ...

2025-11-13T21:11:55.036369282Z [inf]  Unpacking libxcb-xfixes0:amd64 (1.17.0-2+b1) ...

2025-11-13T21:11:55.054794112Z [inf]  Selecting previously unselected package libxshmfence1:amd64.

2025-11-13T21:11:55.056019147Z [inf]  Preparing to unpack .../144-libxshmfence1_1.3.3-1_amd64.deb ...

2025-11-13T21:11:55.057203442Z [inf]  Unpacking libxshmfence1:amd64 (1.3.3-1) ...

2025-11-13T21:11:55.071992858Z [inf]  Selecting previously unselected package mesa-libgallium:amd64.

2025-11-13T21:11:55.073227614Z [inf]  Preparing to unpack .../145-mesa-libgallium_25.0.7-2_amd64.deb ...

2025-11-13T21:11:55.074401171Z [inf]  Unpacking mesa-libgallium:amd64 (25.0.7-2) ...

2025-11-13T21:11:55.448452958Z [inf]  Selecting previously unselected package libgbm1:amd64.

2025-11-13T21:11:55.449640587Z [inf]  Preparing to unpack .../146-libgbm1_25.0.7-2_amd64.deb ...

2025-11-13T21:11:55.450894066Z [inf]  Unpacking libgbm1:amd64 (25.0.7-2) ...

2025-11-13T21:11:55.469661085Z [inf]  Selecting previously unselected package libwayland-client0:amd64.

2025-11-13T21:11:55.471533011Z [inf]  Preparing to unpack .../147-libwayland-client0_1.23.1-3_amd64.deb ...

2025-11-13T21:11:55.473292929Z [inf]  Unpacking libwayland-client0:amd64 (1.23.1-3) ...

2025-11-13T21:11:55.491737385Z [inf]  Selecting previously unselected package libegl-mesa0:amd64.

2025-11-13T21:11:55.492937027Z [inf]  Preparing to unpack .../148-libegl-mesa0_25.0.7-2_amd64.deb ...

2025-11-13T21:11:55.494414102Z [inf]  Unpacking libegl-mesa0:amd64 (25.0.7-2) ...

2025-11-13T21:11:55.514165745Z [inf]  Selecting previously unselected package libencode-locale-perl.

2025-11-13T21:11:55.515364243Z [inf]  Preparing to unpack .../149-libencode-locale-perl_1.05-3_all.deb ...

2025-11-13T21:11:55.516398287Z [inf]  Unpacking libencode-locale-perl (1.05-3) ...

2025-11-13T21:11:55.533212777Z [inf]  Selecting previously unselected package libepoxy0:amd64.

2025-11-13T21:11:55.534461438Z [inf]  Preparing to unpack .../150-libepoxy0_1.5.10-2_amd64.deb ...

2025-11-13T21:11:55.53580994Z [inf]  Unpacking libepoxy0:amd64 (1.5.10-2) ...

2025-11-13T21:11:55.56144114Z [inf]  Selecting previously unselected package libipc-system-simple-perl.

2025-11-13T21:11:55.562686212Z [inf]  Preparing to unpack .../151-libipc-system-simple-perl_1.30-2_all.deb ...

2025-11-13T21:11:55.564227625Z [inf]  Unpacking libipc-system-simple-perl (1.30-2) ...

2025-11-13T21:11:55.579013812Z [inf]  Selecting previously unselected package libfile-basedir-perl.

2025-11-13T21:11:55.580704433Z [inf]  Preparing to unpack .../152-libfile-basedir-perl_0.09-2_all.deb ...

2025-11-13T21:11:55.5820009Z [inf]  Unpacking libfile-basedir-perl (0.09-2) ...

2025-11-13T21:11:55.596294929Z [inf]  Selecting previously unselected package liburi-perl.

2025-11-13T21:11:55.597554119Z [inf]  Preparing to unpack .../153-liburi-perl_5.30-1_all.deb ...

2025-11-13T21:11:55.598842806Z [inf]  Unpacking liburi-perl (5.30-1) ...

2025-11-13T21:11:55.623629593Z [inf]  Selecting previously unselected package libfile-desktopentry-perl.

2025-11-13T21:11:55.624847223Z [inf]  Preparing to unpack .../154-libfile-desktopentry-perl_0.22-3_all.deb ...

2025-11-13T21:11:55.625969078Z [inf]  Unpacking libfile-desktopentry-perl (0.22-3) ...

2025-11-13T21:11:55.63920013Z [inf]  Selecting previously unselected package libtimedate-perl.

2025-11-13T21:11:55.640478257Z [inf]  Preparing to unpack .../155-libtimedate-perl_2.3300-2_all.deb ...

2025-11-13T21:11:55.641467362Z [inf]  Unpacking libtimedate-perl (2.3300-2) ...

2025-11-13T21:11:55.66033485Z [inf]  Selecting previously unselected package libhttp-date-perl.

2025-11-13T21:11:55.661814889Z [inf]  Preparing to unpack .../156-libhttp-date-perl_6.06-1_all.deb ...

2025-11-13T21:11:55.662901738Z [inf]  Unpacking libhttp-date-perl (6.06-1) ...

2025-11-13T21:11:55.676476056Z [inf]  Selecting previously unselected package libfile-listing-perl.

2025-11-13T21:11:55.678172212Z [inf]  Preparing to unpack .../157-libfile-listing-perl_6.16-1_all.deb ...

2025-11-13T21:11:55.679849408Z [inf]  Unpacking libfile-listing-perl (6.16-1) ...

2025-11-13T21:11:55.696524957Z [inf]  Selecting previously unselected package libfile-mimeinfo-perl.

2025-11-13T21:11:55.698205391Z [inf]  Preparing to unpack .../158-libfile-mimeinfo-perl_0.35-1_all.deb ...

2025-11-13T21:11:55.699912992Z [inf]  Unpacking libfile-mimeinfo-perl (0.35-1) ...

2025-11-13T21:11:55.717675411Z [inf]  Selecting previously unselected package libfont-afm-perl.

2025-11-13T21:11:55.719447925Z [inf]  Preparing to unpack .../159-libfont-afm-perl_1.20-4_all.deb ...

2025-11-13T21:11:55.721126656Z [inf]  Unpacking libfont-afm-perl (1.20-4) ...

2025-11-13T21:11:55.739010891Z [inf]  Selecting previously unselected package libfribidi0:amd64.

2025-11-13T21:11:55.740330162Z [inf]  Preparing to unpack .../160-libfribidi0_1.0.16-1_amd64.deb ...

2025-11-13T21:11:55.741784919Z [inf]  Unpacking libfribidi0:amd64 (1.0.16-1) ...

2025-11-13T21:11:55.761256513Z [inf]  Selecting previously unselected package libgdk-pixbuf2.0-bin.

2025-11-13T21:11:55.762918171Z [inf]  Preparing to unpack .../161-libgdk-pixbuf2.0-bin_2.42.12+dfsg-4_amd64.deb ...

2025-11-13T21:11:55.765228978Z [inf]  Unpacking libgdk-pixbuf2.0-bin (2.42.12+dfsg-4) ...

2025-11-13T21:11:55.785988524Z [inf]  Selecting previously unselected package libglvnd0:amd64.

2025-11-13T21:11:55.787481177Z [inf]  Preparing to unpack .../162-libglvnd0_1.7.0-1+b2_amd64.deb ...

2025-11-13T21:11:55.790212152Z [inf]  Unpacking libglvnd0:amd64 (1.7.0-1+b2) ...

2025-11-13T21:11:55.83333925Z [inf]  Selecting previously unselected package libxcb-glx0:amd64.

2025-11-13T21:11:55.835155625Z [inf]  Preparing to unpack .../163-libxcb-glx0_1.17.0-2+b1_amd64.deb ...

2025-11-13T21:11:55.837231425Z [inf]  Unpacking libxcb-glx0:amd64 (1.17.0-2+b1) ...

2025-11-13T21:11:55.860123893Z [inf]  Selecting previously unselected package libxxf86vm1:amd64.

2025-11-13T21:11:55.861512621Z [inf]  Preparing to unpack .../164-libxxf86vm1_1%3a1.1.4-1+b4_amd64.deb ...

2025-11-13T21:11:55.863372484Z [inf]  Unpacking libxxf86vm1:amd64 (1:1.1.4-1+b4) ...

2025-11-13T21:11:55.884106722Z [inf]  Selecting previously unselected package libvulkan1:amd64.

2025-11-13T21:11:55.885641688Z [inf]  Preparing to unpack .../165-libvulkan1_1.4.309.0-1_amd64.deb ...

2025-11-13T21:11:55.88842477Z [inf]  Unpacking libvulkan1:amd64 (1.4.309.0-1) ...

2025-11-13T21:11:55.916817062Z [inf]  Selecting previously unselected package libgl1-mesa-dri:amd64.

2025-11-13T21:11:55.918540922Z [inf]  Preparing to unpack .../166-libgl1-mesa-dri_25.0.7-2_amd64.deb ...

2025-11-13T21:11:55.925250412Z [inf]  Unpacking libgl1-mesa-dri:amd64 (25.0.7-2) ...

2025-11-13T21:11:55.956453367Z [inf]  Selecting previously unselected package libglx-mesa0:amd64.

2025-11-13T21:11:55.957773991Z [inf]  Preparing to unpack .../167-libglx-mesa0_25.0.7-2_amd64.deb ...

2025-11-13T21:11:55.959152875Z [inf]  Unpacking libglx-mesa0:amd64 (25.0.7-2) ...

2025-11-13T21:11:55.987191366Z [inf]  Selecting previously unselected package libglx0:amd64.

2025-11-13T21:11:55.988722546Z [inf]  Preparing to unpack .../168-libglx0_1.7.0-1+b2_amd64.deb ...

2025-11-13T21:11:55.999829211Z [inf]  Unpacking libglx0:amd64 (1.7.0-1+b2) ...

2025-11-13T21:11:56.021259234Z [inf]  Selecting previously unselected package libgl1:amd64.

2025-11-13T21:11:56.02304019Z [inf]  Preparing to unpack .../169-libgl1_1.7.0-1+b2_amd64.deb ...

2025-11-13T21:11:56.024456688Z [inf]  Unpacking libgl1:amd64 (1.7.0-1+b2) ...

2025-11-13T21:11:56.04653331Z [inf]  Selecting previously unselected package libgles2:amd64.

2025-11-13T21:11:56.047847655Z [inf]  Preparing to unpack .../170-libgles2_1.7.0-1+b2_amd64.deb ...

2025-11-13T21:11:56.049181192Z [inf]  Unpacking libgles2:amd64 (1.7.0-1+b2) ...

2025-11-13T21:11:56.065233126Z [inf]  Selecting previously unselected package libglib2.0-data.

2025-11-13T21:11:56.066478509Z [inf]  Preparing to unpack .../171-libglib2.0-data_2.84.4-3~deb13u1_all.deb ...

2025-11-13T21:11:56.067884419Z [inf]  Unpacking libglib2.0-data (2.84.4-3~deb13u1) ...

2025-11-13T21:11:56.148595858Z [inf]  Selecting previously unselected package libgpg-error-l10n.

2025-11-13T21:11:56.149973668Z [inf]  Preparing to unpack .../172-libgpg-error-l10n_1.51-4_all.deb ...

2025-11-13T21:11:56.151143756Z [inf]  Unpacking libgpg-error-l10n (1.51-4) ...

2025-11-13T21:11:56.18117246Z [inf]  Selecting previously unselected package libgraphite2-3:amd64.

2025-11-13T21:11:56.182573319Z [inf]  Preparing to unpack .../173-libgraphite2-3_1.3.14-2+b1_amd64.deb ...

2025-11-13T21:11:56.184242876Z [inf]  Unpacking libgraphite2-3:amd64 (1.3.14-2+b1) ...

2025-11-13T21:11:56.205703926Z [inf]  Selecting previously unselected package libharfbuzz0b:amd64.

2025-11-13T21:11:56.207133645Z [inf]  Preparing to unpack .../174-libharfbuzz0b_10.2.0-1+b1_amd64.deb ...

2025-11-13T21:11:56.20855705Z [inf]  Unpacking libharfbuzz0b:amd64 (10.2.0-1+b1) ...

2025-11-13T21:11:56.246033082Z [inf]  Selecting previously unselected package libthai-data.

2025-11-13T21:11:56.247786118Z [inf]  Preparing to unpack .../175-libthai-data_0.1.29-2_all.deb ...

2025-11-13T21:11:56.249284472Z [inf]  Unpacking libthai-data (0.1.29-2) ...

2025-11-13T21:11:56.27468222Z [inf]  Selecting previously unselected package libthai0:amd64.

2025-11-13T21:11:56.275914552Z [inf]  Preparing to unpack .../176-libthai0_0.1.29-2+b1_amd64.deb ...

2025-11-13T21:11:56.277187059Z [inf]  Unpacking libthai0:amd64 (0.1.29-2+b1) ...

2025-11-13T21:11:56.295809466Z [inf]  Selecting previously unselected package libpango-1.0-0:amd64.

2025-11-13T21:11:56.297071293Z [inf]  Preparing to unpack .../177-libpango-1.0-0_1.56.3-1_amd64.deb ...

2025-11-13T21:11:56.298292281Z [inf]  Unpacking libpango-1.0-0:amd64 (1.56.3-1) ...

2025-11-13T21:11:56.323535288Z [inf]  Selecting previously unselected package libpangoft2-1.0-0:amd64.

2025-11-13T21:11:56.324758824Z [inf]  Preparing to unpack .../178-libpangoft2-1.0-0_1.56.3-1_amd64.deb ...

2025-11-13T21:11:56.325994483Z [inf]  Unpacking libpangoft2-1.0-0:amd64 (1.56.3-1) ...

2025-11-13T21:11:56.344411927Z [inf]  Selecting previously unselected package libpangocairo-1.0-0:amd64.

2025-11-13T21:11:56.34557944Z [inf]  Preparing to unpack .../179-libpangocairo-1.0-0_1.56.3-1_amd64.deb ...

2025-11-13T21:11:56.346984894Z [inf]  Unpacking libpangocairo-1.0-0:amd64 (1.56.3-1) ...

2025-11-13T21:11:56.364446402Z [inf]  Selecting previously unselected package libwayland-cursor0:amd64.

2025-11-13T21:11:56.365812284Z [inf]  Preparing to unpack .../180-libwayland-cursor0_1.23.1-3_amd64.deb ...

2025-11-13T21:11:56.367439721Z [inf]  Unpacking libwayland-cursor0:amd64 (1.23.1-3) ...

2025-11-13T21:11:56.38414962Z [inf]  Selecting previously unselected package libwayland-egl1:amd64.

2025-11-13T21:11:56.385440245Z [inf]  Preparing to unpack .../181-libwayland-egl1_1.23.1-3_amd64.deb ...

2025-11-13T21:11:56.387006197Z [inf]  Unpacking libwayland-egl1:amd64 (1.23.1-3) ...

2025-11-13T21:11:56.403786612Z [inf]  Selecting previously unselected package libxcomposite1:amd64.

2025-11-13T21:11:56.405102139Z [inf]  Preparing to unpack .../182-libxcomposite1_1%3a0.4.6-1_amd64.deb ...

2025-11-13T21:11:56.406706752Z [inf]  Unpacking libxcomposite1:amd64 (1:0.4.6-1) ...

2025-11-13T21:11:56.425744767Z [inf]  Selecting previously unselected package libxfixes3:amd64.

2025-11-13T21:11:56.427168746Z [inf]  Preparing to unpack .../183-libxfixes3_1%3a6.0.0-2+b4_amd64.deb ...

2025-11-13T21:11:56.428483284Z [inf]  Unpacking libxfixes3:amd64 (1:6.0.0-2+b4) ...

2025-11-13T21:11:56.458240575Z [inf]  Selecting previously unselected package libxcursor1:amd64.

2025-11-13T21:11:56.459555063Z [inf]  Preparing to unpack .../184-libxcursor1_1%3a1.2.3-1_amd64.deb ...

2025-11-13T21:11:56.461289283Z [inf]  Unpacking libxcursor1:amd64 (1:1.2.3-1) ...

2025-11-13T21:11:56.480647824Z [inf]  Selecting previously unselected package libxdamage1:amd64.

2025-11-13T21:11:56.482357828Z [inf]  Preparing to unpack .../185-libxdamage1_1%3a1.1.6-1+b2_amd64.deb ...

2025-11-13T21:11:56.48419762Z [inf]  Unpacking libxdamage1:amd64 (1:1.1.6-1+b2) ...

2025-11-13T21:11:56.501379264Z [inf]  Selecting previously unselected package libxinerama1:amd64.

2025-11-13T21:11:56.50262223Z [inf]  Preparing to unpack .../186-libxinerama1_2%3a1.1.4-3+b4_amd64.deb ...

2025-11-13T21:11:56.504135815Z [inf]  Unpacking libxinerama1:amd64 (2:1.1.4-3+b4) ...

2025-11-13T21:11:56.519264935Z [inf]  Selecting previously unselected package xkb-data.

2025-11-13T21:11:56.520503717Z [inf]  Preparing to unpack .../187-xkb-data_2.42-1_all.deb ...

2025-11-13T21:11:56.521934038Z [inf]  Unpacking xkb-data (2.42-1) ...

2025-11-13T21:11:56.582922582Z [inf]  Selecting previously unselected package libxkbcommon0:amd64.

2025-11-13T21:11:56.584311382Z [inf]  Preparing to unpack .../188-libxkbcommon0_1.7.0-2_amd64.deb ...

2025-11-13T21:11:56.585590314Z [inf]  Unpacking libxkbcommon0:amd64 (1.7.0-2) ...

2025-11-13T21:11:56.610122599Z [inf]  Selecting previously unselected package libxrandr2:amd64.

2025-11-13T21:11:56.612124985Z [inf]  Preparing to unpack .../189-libxrandr2_2%3a1.5.4-1+b3_amd64.deb ...

2025-11-13T21:11:56.613537544Z [inf]  Unpacking libxrandr2:amd64 (2:1.5.4-1+b3) ...

2025-11-13T21:11:56.630974153Z [inf]  Selecting previously unselected package libgtk-3-common.

2025-11-13T21:11:56.632848338Z [inf]  Preparing to unpack .../190-libgtk-3-common_3.24.49-3_all.deb ...

2025-11-13T21:11:56.634289864Z [inf]  Unpacking libgtk-3-common (3.24.49-3) ...

2025-11-13T21:11:56.846246654Z [inf]  Selecting previously unselected package libgtk-3-0t64:amd64.

2025-11-13T21:11:56.848291333Z [inf]  Preparing to unpack .../191-libgtk-3-0t64_3.24.49-3_amd64.deb ...

2025-11-13T21:11:56.856813929Z [inf]  Unpacking libgtk-3-0t64:amd64 (3.24.49-3) ...

2025-11-13T21:11:57.017245104Z [inf]  Selecting previously unselected package libgtk-3-bin.

2025-11-13T21:11:57.018878654Z [inf]  Preparing to unpack .../192-libgtk-3-bin_3.24.49-3_amd64.deb ...

2025-11-13T21:11:57.020351886Z [inf]  Unpacking libgtk-3-bin (3.24.49-3) ...

2025-11-13T21:11:57.038596783Z [inf]  Selecting previously unselected package libhtml-tagset-perl.

2025-11-13T21:11:57.040260008Z [inf]  Preparing to unpack .../193-libhtml-tagset-perl_3.24-1_all.deb ...

2025-11-13T21:11:57.041696689Z [inf]  Unpacking libhtml-tagset-perl (3.24-1) ...

2025-11-13T21:11:57.057587959Z [inf]  Selecting previously unselected package libhtml-parser-perl:amd64.

2025-11-13T21:11:57.059088896Z [inf]  Preparing to unpack .../194-libhtml-parser-perl_3.83-1+b2_amd64.deb ...

2025-11-13T21:11:57.060407542Z [inf]  Unpacking libhtml-parser-perl:amd64 (3.83-1+b2) ...

2025-11-13T21:11:57.079178249Z [inf]  Selecting previously unselected package libio-html-perl.

2025-11-13T21:11:57.080463135Z [inf]  Preparing to unpack .../195-libio-html-perl_1.004-3_all.deb ...

2025-11-13T21:11:57.082030981Z [inf]  Unpacking libio-html-perl (1.004-3) ...

2025-11-13T21:11:57.096744098Z [inf]  Selecting previously unselected package liblwp-mediatypes-perl.

2025-11-13T21:11:57.098057874Z [inf]  Preparing to unpack .../196-liblwp-mediatypes-perl_6.04-2_all.deb ...

2025-11-13T21:11:57.099634542Z [inf]  Unpacking liblwp-mediatypes-perl (6.04-2) ...

2025-11-13T21:11:57.142480315Z [inf]  Selecting previously unselected package libhttp-message-perl.

2025-11-13T21:11:57.144192494Z [inf]  Preparing to unpack .../197-libhttp-message-perl_7.00-2_all.deb ...

2025-11-13T21:11:57.145935775Z [inf]  Unpacking libhttp-message-perl (7.00-2) ...

2025-11-13T21:11:57.165984242Z [inf]  Selecting previously unselected package libhtml-form-perl.

2025-11-13T21:11:57.167407558Z [inf]  Preparing to unpack .../198-libhtml-form-perl_6.12-1_all.deb ...

2025-11-13T21:11:57.16881126Z [inf]  Unpacking libhtml-form-perl (6.12-1) ...

2025-11-13T21:11:57.185110317Z [inf]  Selecting previously unselected package libhtml-tree-perl.

2025-11-13T21:11:57.186806142Z [inf]  Preparing to unpack .../199-libhtml-tree-perl_5.07-3_all.deb ...

2025-11-13T21:11:57.188028089Z [inf]  Unpacking libhtml-tree-perl (5.07-3) ...

2025-11-13T21:11:57.209708234Z [inf]  Selecting previously unselected package libhtml-format-perl.

2025-11-13T21:11:57.211210487Z [inf]  Preparing to unpack .../200-libhtml-format-perl_2.16-2_all.deb ...

2025-11-13T21:11:57.212635735Z [inf]  Unpacking libhtml-format-perl (2.16-2) ...

2025-11-13T21:11:57.231679582Z [inf]  Selecting previously unselected package libhttp-cookies-perl.

2025-11-13T21:11:57.232992253Z [inf]  Preparing to unpack .../201-libhttp-cookies-perl_6.11-1_all.deb ...

2025-11-13T21:11:57.234285463Z [inf]  Unpacking libhttp-cookies-perl (6.11-1) ...

2025-11-13T21:11:57.249531674Z [inf]  Selecting previously unselected package libhttp-daemon-perl.

2025-11-13T21:11:57.250850536Z [inf]  Preparing to unpack .../202-libhttp-daemon-perl_6.16-1_all.deb ...

2025-11-13T21:11:57.251984089Z [inf]  Unpacking libhttp-daemon-perl (6.16-1) ...

2025-11-13T21:11:57.269627271Z [inf]  Selecting previously unselected package libhttp-negotiate-perl.

2025-11-13T21:11:57.271151951Z [inf]  Preparing to unpack .../203-libhttp-negotiate-perl_6.01-2_all.deb ...

2025-11-13T21:11:57.272448301Z [inf]  Unpacking libhttp-negotiate-perl (6.01-2) ...

2025-11-13T21:11:57.288683743Z [inf]  Selecting previously unselected package libice6:amd64.

2025-11-13T21:11:57.290409609Z [inf]  Preparing to unpack .../204-libice6_2%3a1.1.1-1_amd64.deb ...

2025-11-13T21:11:57.291756706Z [inf]  Unpacking libice6:amd64 (2:1.1.1-1) ...

2025-11-13T21:11:57.308544467Z [inf]  Selecting previously unselected package libio-compress-brotli-perl.

2025-11-13T21:11:57.310416611Z [inf]  Preparing to unpack .../205-libio-compress-brotli-perl_0.004001-2+b3_amd64.deb ...

2025-11-13T21:11:57.31184965Z [inf]  Unpacking libio-compress-brotli-perl (0.004001-2+b3) ...

2025-11-13T21:11:57.32936357Z [inf]  Selecting previously unselected package perl-openssl-defaults:amd64.

2025-11-13T21:11:57.331413416Z [inf]  Preparing to unpack .../206-perl-openssl-defaults_7+b2_amd64.deb ...

2025-11-13T21:11:57.332869326Z [inf]  Unpacking perl-openssl-defaults:amd64 (7+b2) ...

2025-11-13T21:11:57.351648729Z [inf]  Selecting previously unselected package libnet-ssleay-perl:amd64.

2025-11-13T21:11:57.353681659Z [inf]  Preparing to unpack .../207-libnet-ssleay-perl_1.94-3_amd64.deb ...

2025-11-13T21:11:57.355086842Z [inf]  Unpacking libnet-ssleay-perl:amd64 (1.94-3) ...

2025-11-13T21:11:57.384580295Z [inf]  Selecting previously unselected package libio-socket-ssl-perl.

2025-11-13T21:11:57.385940879Z [inf]  Preparing to unpack .../208-libio-socket-ssl-perl_2.089-1_all.deb ...

2025-11-13T21:11:57.387456071Z [inf]  Unpacking libio-socket-ssl-perl (2.089-1) ...

2025-11-13T21:11:57.410203586Z [inf]  Selecting previously unselected package libio-stringy-perl.

2025-11-13T21:11:57.411488193Z [inf]  Preparing to unpack .../209-libio-stringy-perl_2.113-2_all.deb ...

2025-11-13T21:11:57.412810443Z [inf]  Unpacking libio-stringy-perl (2.113-2) ...

2025-11-13T21:11:57.430034555Z [inf]  Selecting previously unselected package libkmod2:amd64.

2025-11-13T21:11:57.431358418Z [inf]  Preparing to unpack .../210-libkmod2_34.2-2_amd64.deb ...

2025-11-13T21:11:57.432765967Z [inf]  Unpacking libkmod2:amd64 (34.2-2) ...

2025-11-13T21:11:57.449742544Z [inf]  Selecting previously unselected package libldap-common.

2025-11-13T21:11:57.451015643Z [inf]  Preparing to unpack .../211-libldap-common_2.6.10+dfsg-1_all.deb ...

2025-11-13T21:11:57.452254214Z [inf]  Unpacking libldap-common (2.6.10+dfsg-1) ...

2025-11-13T21:11:57.467932471Z [inf]  Selecting previously unselected package libnet-http-perl.

2025-11-13T21:11:57.469203462Z [inf]  Preparing to unpack .../212-libnet-http-perl_6.23-1_all.deb ...

2025-11-13T21:11:57.470596966Z [inf]  Unpacking libnet-http-perl (6.23-1) ...

2025-11-13T21:11:57.486962052Z [inf]  Selecting previously unselected package libtry-tiny-perl.

2025-11-13T21:11:57.488569645Z [inf]  Preparing to unpack .../213-libtry-tiny-perl_0.32-1_all.deb ...

2025-11-13T21:11:57.490061625Z [inf]  Unpacking libtry-tiny-perl (0.32-1) ...

2025-11-13T21:11:57.504940892Z [inf]  Selecting previously unselected package libwww-robotrules-perl.

2025-11-13T21:11:57.506222086Z [inf]  Preparing to unpack .../214-libwww-robotrules-perl_6.02-1_all.deb ...

2025-11-13T21:11:57.50736322Z [inf]  Unpacking libwww-robotrules-perl (6.02-1) ...

2025-11-13T21:11:57.522607041Z [inf]  Selecting previously unselected package libwww-perl.

2025-11-13T21:11:57.523928905Z [inf]  Preparing to unpack .../215-libwww-perl_6.78-1_all.deb ...

2025-11-13T21:11:57.525221062Z [inf]  Unpacking libwww-perl (6.78-1) ...

2025-11-13T21:11:57.545992206Z [inf]  Selecting previously unselected package liblwp-protocol-https-perl.

2025-11-13T21:11:57.547259303Z [inf]  Preparing to unpack .../216-liblwp-protocol-https-perl_6.14-1_all.deb ...

2025-11-13T21:11:57.548496005Z [inf]  Unpacking liblwp-protocol-https-perl (6.14-1) ...

2025-11-13T21:11:57.562837201Z [inf]  Selecting previously unselected package libnet-smtp-ssl-perl.

2025-11-13T21:11:57.56439839Z [inf]  Preparing to unpack .../217-libnet-smtp-ssl-perl_1.04-2_all.deb ...

2025-11-13T21:11:57.565698463Z [inf]  Unpacking libnet-smtp-ssl-perl (1.04-2) ...

2025-11-13T21:11:57.579934305Z [inf]  Selecting previously unselected package libmailtools-perl.

2025-11-13T21:11:57.581201288Z [inf]  Preparing to unpack .../218-libmailtools-perl_2.22-1_all.deb ...

2025-11-13T21:11:57.582503209Z [inf]  Unpacking libmailtools-perl (2.22-1) ...

2025-11-13T21:11:57.60073047Z [inf]  Selecting previously unselected package libxml-parser-perl.

2025-11-13T21:11:57.602024985Z [inf]  Preparing to unpack .../219-libxml-parser-perl_2.47-1+b3_amd64.deb ...

2025-11-13T21:11:57.60330837Z [inf]  Unpacking libxml-parser-perl (2.47-1+b3) ...

2025-11-13T21:11:57.625821855Z [inf]  Selecting previously unselected package libxml-twig-perl.

2025-11-13T21:11:57.627121783Z [inf]  Preparing to unpack .../220-libxml-twig-perl_1%3a3.52-3_all.deb ...

2025-11-13T21:11:57.628464265Z [inf]  Unpacking libxml-twig-perl (1:3.52-3) ...

2025-11-13T21:11:57.649668254Z [inf]  Selecting previously unselected package libnet-dbus-perl.

2025-11-13T21:11:57.650933452Z [inf]  Preparing to unpack .../221-libnet-dbus-perl_1.2.0-2+b3_amd64.deb ...

2025-11-13T21:11:57.652296251Z [inf]  Unpacking libnet-dbus-perl (1.2.0-2+b3) ...

2025-11-13T21:11:57.674337054Z [inf]  Selecting previously unselected package libnspr4:amd64.

2025-11-13T21:11:57.675709046Z [inf]  Preparing to unpack .../222-libnspr4_2%3a4.36-1_amd64.deb ...

2025-11-13T21:11:57.677008491Z [inf]  Unpacking libnspr4:amd64 (2:4.36-1) ...

2025-11-13T21:11:57.698381116Z [inf]  Selecting previously unselected package libnss3:amd64.

2025-11-13T21:11:57.699660335Z [inf]  Preparing to unpack .../223-libnss3_2%3a3.110-1_amd64.deb ...

2025-11-13T21:11:57.701008409Z [inf]  Unpacking libnss3:amd64 (2:3.110-1) ...

2025-11-13T21:11:57.774813583Z [inf]  Selecting previously unselected package librsvg2-2:amd64.

2025-11-13T21:11:57.776203173Z [inf]  Preparing to unpack .../224-librsvg2-2_2.60.0+dfsg-1_amd64.deb ...

2025-11-13T21:11:57.777540431Z [inf]  Unpacking librsvg2-2:amd64 (2.60.0+dfsg-1) ...

2025-11-13T21:11:57.869141282Z [inf]  Selecting previously unselected package librsvg2-common:amd64.

2025-11-13T21:11:57.870467473Z [inf]  Preparing to unpack .../225-librsvg2-common_2.60.0+dfsg-1_amd64.deb ...

2025-11-13T21:11:57.871935341Z [inf]  Unpacking librsvg2-common:amd64 (2.60.0+dfsg-1) ...

2025-11-13T21:11:57.895192514Z [inf]  Selecting previously unselected package libsasl2-modules:amd64.

2025-11-13T21:11:57.896557408Z [inf]  Preparing to unpack .../226-libsasl2-modules_2.1.28+dfsg1-9_amd64.deb ...

2025-11-13T21:11:57.902298966Z [inf]  Unpacking libsasl2-modules:amd64 (2.1.28+dfsg1-9) ...

2025-11-13T21:11:57.921880359Z [inf]  Selecting previously unselected package libsm6:amd64.

2025-11-13T21:11:57.923198071Z [inf]  Preparing to unpack .../227-libsm6_2%3a1.2.6-1_amd64.deb ...

2025-11-13T21:11:57.924540319Z [inf]  Unpacking libsm6:amd64 (2:1.2.6-1) ...

2025-11-13T21:11:57.94041285Z [inf]  Selecting previously unselected package libtext-iconv-perl:amd64.

2025-11-13T21:11:57.94179659Z [inf]  Preparing to unpack .../228-libtext-iconv-perl_1.7-8+b4_amd64.deb ...

2025-11-13T21:11:57.943200205Z [inf]  Unpacking libtext-iconv-perl:amd64 (1.7-8+b4) ...

2025-11-13T21:11:57.957935464Z [inf]  Selecting previously unselected package libtie-ixhash-perl.

2025-11-13T21:11:57.959337861Z [inf]  Preparing to unpack .../229-libtie-ixhash-perl_1.23-4_all.deb ...

2025-11-13T21:11:57.960479752Z [inf]  Unpacking libtie-ixhash-perl (1.23-4) ...

2025-11-13T21:11:57.974614027Z [inf]  Selecting previously unselected package libx11-protocol-perl.

2025-11-13T21:11:57.975883155Z [inf]  Preparing to unpack .../230-libx11-protocol-perl_0.56-9_all.deb ...

2025-11-13T21:11:57.977080014Z [inf]  Unpacking libx11-protocol-perl (0.56-9) ...

2025-11-13T21:11:57.99736523Z [inf]  Selecting previously unselected package libxt6t64:amd64.

2025-11-13T21:11:57.998661651Z [inf]  Preparing to unpack .../231-libxt6t64_1%3a1.2.1-1.2+b2_amd64.deb ...

2025-11-13T21:11:57.999969011Z [inf]  Unpacking libxt6t64:amd64 (1:1.2.1-1.2+b2) ...

2025-11-13T21:11:58.023170516Z [inf]  Selecting previously unselected package libxmu6:amd64.

2025-11-13T21:11:58.024448916Z [inf]  Preparing to unpack .../232-libxmu6_2%3a1.1.3-3+b4_amd64.deb ...

2025-11-13T21:11:58.025725674Z [inf]  Unpacking libxmu6:amd64 (2:1.1.3-3+b4) ...

2025-11-13T21:11:58.044535248Z [inf]  Selecting previously unselected package libxpm4:amd64.

2025-11-13T21:11:58.045801698Z [inf]  Preparing to unpack .../233-libxpm4_1%3a3.5.17-1+b3_amd64.deb ...

2025-11-13T21:11:58.047034875Z [inf]  Unpacking libxpm4:amd64 (1:3.5.17-1+b3) ...

2025-11-13T21:11:58.063352877Z [inf]  Selecting previously unselected package libxaw7:amd64.

2025-11-13T21:11:58.064661841Z [inf]  Preparing to unpack .../234-libxaw7_2%3a1.0.16-1_amd64.deb ...

2025-11-13T21:11:58.065923822Z [inf]  Unpacking libxaw7:amd64 (2:1.0.16-1) ...

2025-11-13T21:11:58.089325901Z [inf]  Selecting previously unselected package libxcb-shape0:amd64.

2025-11-13T21:11:58.090602386Z [inf]  Preparing to unpack .../235-libxcb-shape0_1.17.0-2+b1_amd64.deb ...

2025-11-13T21:11:58.091724897Z [inf]  Unpacking libxcb-shape0:amd64 (1.17.0-2+b1) ...

2025-11-13T21:11:58.109341918Z [inf]  Selecting previously unselected package libxft2:amd64.

2025-11-13T21:11:58.110590305Z [inf]  Preparing to unpack .../236-libxft2_2.3.6-1+b4_amd64.deb ...

2025-11-13T21:11:58.111852399Z [inf]  Unpacking libxft2:amd64 (2.3.6-1+b4) ...

2025-11-13T21:11:58.133934975Z [inf]  Selecting previously unselected package libxkbfile1:amd64.

2025-11-13T21:11:58.135333321Z [inf]  Preparing to unpack .../237-libxkbfile1_1%3a1.1.0-1+b4_amd64.deb ...

2025-11-13T21:11:58.13823028Z [inf]  Unpacking libxkbfile1:amd64 (1:1.1.0-1+b4) ...

2025-11-13T21:11:58.159437452Z [inf]  Selecting previously unselected package libxml-xpathengine-perl.

2025-11-13T21:11:58.16080356Z [inf]  Preparing to unpack .../238-libxml-xpathengine-perl_0.14-2_all.deb ...

2025-11-13T21:11:58.162672645Z [inf]  Unpacking libxml-xpathengine-perl (0.14-2) ...

2025-11-13T21:11:58.180755214Z [inf]  Selecting previously unselected package libxmuu1:amd64.

2025-11-13T21:11:58.182158893Z [inf]  Preparing to unpack .../239-libxmuu1_2%3a1.1.3-3+b4_amd64.deb ...

2025-11-13T21:11:58.183461849Z [inf]  Unpacking libxmuu1:amd64 (2:1.1.3-3+b4) ...

2025-11-13T21:11:58.200434542Z [inf]  Selecting previously unselected package libxv1:amd64.

2025-11-13T21:11:58.201960909Z [inf]  Preparing to unpack .../240-libxv1_2%3a1.0.11-1.1+b3_amd64.deb ...

2025-11-13T21:11:58.203258668Z [inf]  Unpacking libxv1:amd64 (2:1.0.11-1.1+b3) ...

2025-11-13T21:11:58.218898766Z [inf]  Selecting previously unselected package libxxf86dga1:amd64.

2025-11-13T21:11:58.220276689Z [inf]  Preparing to unpack .../241-libxxf86dga1_2%3a1.1.5-1+b3_amd64.deb ...

2025-11-13T21:11:58.221423285Z [inf]  Unpacking libxxf86dga1:amd64 (2:1.1.5-1+b3) ...

2025-11-13T21:11:58.2380129Z [inf]  Selecting previously unselected package luit.

2025-11-13T21:11:58.239302205Z [inf]  Preparing to unpack .../242-luit_2.0.20240910-1_amd64.deb ...

2025-11-13T21:11:58.246808985Z [inf]  Adding 'diversion of /usr/bin/luit to /usr/bin/luit.x11-utils by luit'

2025-11-13T21:11:58.253898137Z [inf]  Adding 'diversion of /usr/share/man/man1/luit.1.gz to /usr/share/man/man1/luit.x11-utils.1.gz by luit'

2025-11-13T21:11:58.255495143Z [inf]  Unpacking luit (2.0.20240910-1) ...

2025-11-13T21:11:58.271081579Z [inf]  Selecting previously unselected package mesa-vulkan-drivers:amd64.

2025-11-13T21:11:58.272382177Z [inf]  Preparing to unpack .../243-mesa-vulkan-drivers_25.0.7-2_amd64.deb ...

2025-11-13T21:11:58.273538501Z [inf]  Unpacking mesa-vulkan-drivers:amd64 (25.0.7-2) ...

2025-11-13T21:11:58.613111016Z [inf]  Selecting previously unselected package psmisc.

2025-11-13T21:11:58.614419721Z [inf]  Preparing to unpack .../244-psmisc_23.7-2_amd64.deb ...

2025-11-13T21:11:58.615698666Z [inf]  Unpacking psmisc (23.7-2) ...

2025-11-13T21:11:58.640443401Z [inf]  Selecting previously unselected package publicsuffix.

2025-11-13T21:11:58.641871325Z [inf]  Preparing to unpack .../245-publicsuffix_20250328.1952-0.1_all.deb ...

2025-11-13T21:11:58.643012352Z [inf]  Unpacking publicsuffix (20250328.1952-0.1) ...

2025-11-13T21:11:58.665787364Z [inf]  Selecting previously unselected package systemd-cryptsetup.

2025-11-13T21:11:58.66709132Z [inf]  Preparing to unpack .../246-systemd-cryptsetup_257.8-1~deb13u2_amd64.deb ...

2025-11-13T21:11:58.668399869Z [inf]  Unpacking systemd-cryptsetup (257.8-1~deb13u2) ...

2025-11-13T21:11:58.690466908Z [inf]  Selecting previously unselected package x11-utils.

2025-11-13T21:11:58.691744995Z [inf]  Preparing to unpack .../247-x11-utils_7.7+7_amd64.deb ...

2025-11-13T21:11:58.693020956Z [inf]  Unpacking x11-utils (7.7+7) ...

2025-11-13T21:11:58.719343379Z [inf]  Selecting previously unselected package x11-xserver-utils.

2025-11-13T21:11:58.720990935Z [inf]  Preparing to unpack .../248-x11-xserver-utils_7.7+11_amd64.deb ...

2025-11-13T21:11:58.739417648Z [inf]  Unpacking x11-xserver-utils (7.7+11) ...

2025-11-13T21:11:58.7632045Z [inf]  Selecting previously unselected package xdg-user-dirs.

2025-11-13T21:11:58.764526684Z [inf]  Preparing to unpack .../249-xdg-user-dirs_0.18-2_amd64.deb ...

2025-11-13T21:11:58.768454556Z [inf]  Unpacking xdg-user-dirs (0.18-2) ...

2025-11-13T21:11:58.786621479Z [inf]  Selecting previously unselected package xdg-utils.

2025-11-13T21:11:58.787981198Z [inf]  Preparing to unpack .../250-xdg-utils_1.2.1-2_all.deb ...

2025-11-13T21:11:58.789015458Z [inf]  Unpacking xdg-utils (1.2.1-2) ...

2025-11-13T21:11:58.813357342Z [inf]  Selecting previously unselected package libegl1:amd64.

2025-11-13T21:11:58.814603568Z [inf]  Preparing to unpack .../251-libegl1_1.7.0-1+b2_amd64.deb ...

2025-11-13T21:11:58.815747883Z [inf]  Unpacking libegl1:amd64 (1.7.0-1+b2) ...

2025-11-13T21:11:58.831936087Z [inf]  Selecting previously unselected package zutty.

2025-11-13T21:11:58.833165677Z [inf]  Preparing to unpack .../252-zutty_0.16.2.20241020+dfsg1-1_amd64.deb ...

2025-11-13T21:11:58.834923589Z [inf]  Unpacking zutty (0.16.2.20241020+dfsg1-1) ...

2025-11-13T21:11:58.856953786Z [inf]  Selecting previously unselected package gnupg-utils.

2025-11-13T21:11:58.858275317Z [inf]  Preparing to unpack .../253-gnupg-utils_2.4.7-21+b3_amd64.deb ...

2025-11-13T21:11:58.859484535Z [inf]  Unpacking gnupg-utils (2.4.7-21+b3) ...

2025-11-13T21:11:58.888987969Z [inf]  Setting up libexpat1:amd64 (2.7.1-2) ...

2025-11-13T21:11:58.892168645Z [inf]  Setting up libtext-iconv-perl:amd64 (1.7-8+b4) ...

2025-11-13T21:11:58.894959817Z [inf]  Setting up libgraphite2-3:amd64 (1.3.14-2+b1) ...

2025-11-13T21:11:58.897757571Z [inf]  Setting up liblcms2-2:amd64 (2.16-2) ...

2025-11-13T21:11:58.900767453Z [inf]  Setting up libpixman-1-0:amd64 (0.44.0-3) ...

2025-11-13T21:11:58.904024687Z [inf]  Setting up libsharpyuv0:amd64 (1.5.0-0.1) ...

2025-11-13T21:11:58.907026092Z [inf]  Setting up libwayland-server0:amd64 (1.23.1-3) ...

2025-11-13T21:11:58.910222375Z [inf]  Setting up libpciaccess0:amd64 (0.17-3+b3) ...

2025-11-13T21:11:58.913184841Z [inf]  Setting up luit (2.0.20240910-1) ...

2025-11-13T21:11:58.916600912Z [inf]  Setting up systemd-sysv (257.8-1~deb13u2) ...

2025-11-13T21:11:58.932631576Z [inf]  Setting up libxau6:amd64 (1:1.0.11-1) ...

2025-11-13T21:11:58.935422592Z [inf]  Setting up libxdmcp6:amd64 (1:1.1.5-1) ...

2025-11-13T21:11:58.938196501Z [inf]  Setting up libnpth0t64:amd64 (1.8-3) ...

2025-11-13T21:11:58.941126138Z [inf]  Setting up libkeyutils1:amd64 (1.6.3-6) ...

2025-11-13T21:11:58.944011393Z [inf]  Setting up libxcb1:amd64 (1.17.0-2+b1) ...

2025-11-13T21:11:58.946957928Z [inf]  Setting up libxcb-xfixes0:amd64 (1.17.0-2+b1) ...

2025-11-13T21:11:58.949874758Z [inf]  Setting up liblerc4:amd64 (4.0.0+ds-5) ...

2025-11-13T21:11:58.952674306Z [inf]  Setting up hicolor-icon-theme (0.18-2) ...

2025-11-13T21:11:58.966505196Z [inf]  Setting up libgpg-error0:amd64 (1.51-4) ...

2025-11-13T21:11:58.969355019Z [inf]  Setting up libdatrie1:amd64 (0.2.13-3+b1) ...

2025-11-13T21:11:58.972287616Z [inf]  Setting up libgdbm-compat4t64:amd64 (1.24-2) ...

2025-11-13T21:11:58.975244496Z [inf]  Setting up xdg-user-dirs (0.18-2) ...

2025-11-13T21:11:58.98427112Z [inf]  Setting up psmisc (23.7-2) ...

2025-11-13T21:11:58.987111532Z [inf]  Setting up libxcb-render0:amd64 (1.17.0-2+b1) ...

2025-11-13T21:11:58.990002563Z [inf]  Setting up libglvnd0:amd64 (1.7.0-1+b2) ...

2025-11-13T21:11:58.992996025Z [inf]  Setting up libxcb-glx0:amd64 (1.17.0-2+b1) ...

2025-11-13T21:11:58.995788449Z [inf]  Setting up libbrotli1:amd64 (1.1.0-2+b7) ...

2025-11-13T21:11:58.998606999Z [inf]  Setting up libedit2:amd64 (3.1-20250104-1) ...

2025-11-13T21:11:59.001769672Z [inf]  Setting up libsasl2-modules:amd64 (2.1.28+dfsg1-9) ...

2025-11-13T21:11:59.008285066Z [inf]  Setting up libgdk-pixbuf2.0-common (2.42.12+dfsg-4) ...

2025-11-13T21:11:59.011022477Z [inf]  Setting up libxcb-shape0:amd64 (1.17.0-2+b1) ...

2025-11-13T21:11:59.01410428Z [inf]  Setting up x11-common (1:7.7+24) ...

2025-11-13T21:11:59.086383385Z [inf]  debconf: unable to initialize frontend: Dialog
debconf: (TERM is not set, so the dialog frontend is not usable.)
debconf: falling back to frontend: Readline

2025-11-13T21:11:59.091873635Z [inf]  debconf: unable to initialize frontend: Readline
debconf: (This frontend requires a controlling tty.)
debconf: falling back to frontend: Teletype

2025-11-13T21:11:59.095347159Z [inf]  debconf: unable to initialize frontend: Teletype
debconf: (This frontend requires a controlling tty.)
debconf: falling back to frontend: Noninteractive

2025-11-13T21:11:59.109203637Z [inf]  invoke-rc.d: could not determine current runlevel

2025-11-13T21:11:59.112081972Z [inf]  invoke-rc.d: policy-rc.d denied execution of start.

2025-11-13T21:11:59.115907446Z [inf]  Setting up libsensors-config (1:3.6.2-2) ...

2025-11-13T21:11:59.120738539Z [inf]  Setting up libdeflate0:amd64 (1.23-2) ...

2025-11-13T21:11:59.123457698Z [inf]  Setting up perl-openssl-defaults:amd64 (7+b2) ...

2025-11-13T21:11:59.126098258Z [inf]  Setting up libgcrypt20:amd64 (1.11.0-7) ...

2025-11-13T21:11:59.129812852Z [inf]  Setting up libnss-systemd:amd64 (257.8-1~deb13u2) ...

2025-11-13T21:11:59.139632384Z [inf]  Setting up xkb-data (2.42-1) ...

2025-11-13T21:11:59.14220028Z [inf]  Setting up krb5-locales (1.21.3-5) ...

2025-11-13T21:11:59.144885985Z [inf]  Setting up libxcb-shm0:amd64 (1.17.0-2+b1) ...

2025-11-13T21:11:59.147488788Z [inf]  Setting up libcom-err2:amd64 (1.47.2-3+b3) ...

2025-11-13T21:11:59.150496488Z [inf]  Setting up libldap-common (2.6.10+dfsg-1) ...

2025-11-13T21:11:59.154034796Z [inf]  Setting up libjbig0:amd64 (2.1-6.1+b2) ...

2025-11-13T21:11:59.156880773Z [inf]  Setting up libelf1t64:amd64 (0.192-4) ...

2025-11-13T21:11:59.160318644Z [inf]  Setting up libkrb5support0:amd64 (1.21.3-5) ...

2025-11-13T21:11:59.163265949Z [inf]  Setting up libsasl2-modules-db:amd64 (2.1.28+dfsg1-9) ...

2025-11-13T21:11:59.166149322Z [inf]  Setting up libxcb-present0:amd64 (1.17.0-2+b1) ...

2025-11-13T21:11:59.169111139Z [inf]  Setting up libasound2-data (1.2.14-1) ...

2025-11-13T21:11:59.17197198Z [inf]  Setting up libz3-4:amd64 (4.13.3-1) ...

2025-11-13T21:11:59.17464479Z [inf]  Setting up libglib2.0-data (2.84.4-3~deb13u1) ...

2025-11-13T21:11:59.177403616Z [inf]  Setting up linux-sysctl-defaults (4.12) ...

2025-11-13T21:11:59.180514261Z [inf]  Setting up libgles2:amd64 (1.7.0-1+b2) ...

2025-11-13T21:11:59.183550388Z [inf]  Setting up libasound2t64:amd64 (1.2.14-1) ...

2025-11-13T21:11:59.186584029Z [inf]  Setting up libjpeg62-turbo:amd64 (1:2.1.5-4) ...

2025-11-13T21:11:59.189801503Z [inf]  Setting up libx11-data (2:1.8.12-1) ...

2025-11-13T21:11:59.192761308Z [inf]  Setting up libepoxy0:amd64 (1.5.10-2) ...

2025-11-13T21:11:59.19562879Z [inf]  Setting up libmpfr6:amd64 (4.2.2-1) ...

2025-11-13T21:11:59.198467912Z [inf]  Setting up libnspr4:amd64 (2:4.36-1) ...

2025-11-13T21:11:59.201604791Z [inf]  Setting up gnupg-l10n (2.4.7-21) ...

2025-11-13T21:11:59.205200472Z [inf]  Setting up libxcb-sync1:amd64 (1.17.0-2+b1) ...

2025-11-13T21:11:59.20841002Z [inf]  Setting up libavahi-common-data:amd64 (0.8-16) ...

2025-11-13T21:11:59.211429105Z [inf]  Setting up libdbus-1-3:amd64 (1.16.2-2) ...

2025-11-13T21:11:59.214496721Z [inf]  Setting up libfribidi0:amd64 (1.0.16-1) ...

2025-11-13T21:11:59.217529997Z [inf]  Setting up libp11-kit0:amd64 (0.25.5-3) ...

2025-11-13T21:11:59.220675099Z [inf]  Setting up libproc2-0:amd64 (2:4.0.4-9) ...

2025-11-13T21:11:59.223410912Z [inf]  Setting up libunistring5:amd64 (1.3-2) ...

2025-11-13T21:11:59.226274023Z [inf]  Setting up libpng16-16t64:amd64 (1.6.48-1) ...

2025-11-13T21:11:59.229445027Z [inf]  Setting up libmpc3:amd64 (1.3.1-1+b3) ...

2025-11-13T21:11:59.232552137Z [inf]  Setting up systemd-timesyncd (257.8-1~deb13u2) ...

2025-11-13T21:11:59.241397926Z [inf]  Creating group 'systemd-timesync' with GID 997.

2025-11-13T21:11:59.241608506Z [inf]  Creating user 'systemd-timesync' (systemd Time Synchronization) with UID 997 and GID 997.

2025-11-13T21:11:59.44039412Z [inf]  Created symlink '/etc/systemd/system/dbus-org.freedesktop.timesync1.service'  '/usr/lib/systemd/system/systemd-timesyncd.service'.
Created symlink '/etc/systemd/system/sysinit.target.wants/systemd-timesyncd.service'  '/usr/lib/systemd/system/systemd-timesyncd.service'.

2025-11-13T21:11:59.443970399Z [inf]  Setting up libatomic1:amd64 (14.2.0-19) ...

2025-11-13T21:11:59.446678528Z [inf]  Setting up libsensors5:amd64 (1:3.6.2-2) ...

2025-11-13T21:11:59.44938286Z [inf]  Setting up libk5crypto3:amd64 (1.21.3-5) ...

2025-11-13T21:11:59.451913569Z [inf]  Setting up libsasl2-2:amd64 (2.1.28+dfsg1-9) ...

2025-11-13T21:11:59.454473935Z [inf]  Setting up libvulkan1:amd64 (1.4.309.0-1) ...

2025-11-13T21:11:59.457218464Z [inf]  Setting up libwebp7:amd64 (1.5.0-0.1) ...

2025-11-13T21:11:59.459936823Z [inf]  Setting up alsa-topology-conf (1.2.5.1-3) ...

2025-11-13T21:11:59.462651296Z [inf]  Setting up libdav1d7:amd64 (1.5.1-1) ...

2025-11-13T21:11:59.471226612Z [inf]  Setting up perl-modules-5.40 (5.40.1-6) ...

2025-11-13T21:11:59.473879299Z [inf]  Setting up libxshmfence1:amd64 (1.3.3-1) ...

2025-11-13T21:11:59.476947013Z [inf]  Setting up at-spi2-common (2.56.2-1) ...

2025-11-13T21:11:59.479432077Z [inf]  Setting up gpgv (2.4.7-21+b3) ...

2025-11-13T21:11:59.482073794Z [inf]  Setting up libtiff6:amd64 (4.7.0-3+deb13u1) ...

2025-11-13T21:11:59.484726942Z [inf]  Setting up libxcb-randr0:amd64 (1.17.0-2+b1) ...

2025-11-13T21:11:59.487239232Z [inf]  Setting up dbus-session-bus-common (1.16.2-2) ...

2025-11-13T21:11:59.489864924Z [inf]  Setting up libassuan9:amd64 (3.0.2-2) ...

2025-11-13T21:11:59.492807188Z [inf]  Setting up procps (2:4.0.4-9) ...

2025-11-13T21:11:59.507266804Z [inf]  Setting up fonts-liberation (1:2.1.5-3) ...

2025-11-13T21:11:59.509902148Z [inf]  Setting up gpgconf (2.4.7-21+b3) ...

2025-11-13T21:11:59.512934559Z [inf]  Setting up libtasn1-6:amd64 (4.20.0-2) ...

2025-11-13T21:11:59.515946522Z [inf]  Setting up libx11-6:amd64 (2:1.8.12-1) ...

2025-11-13T21:11:59.518947533Z [inf]  Setting up libthai-data (0.1.29-2) ...

2025-11-13T21:11:59.521928849Z [inf]  Setting up libkrb5-3:amd64 (1.21.3-5) ...

2025-11-13T21:11:59.524997552Z [inf]  Setting up libwayland-egl1:amd64 (1.23.1-3) ...

2025-11-13T21:11:59.528109333Z [inf]  Setting up libxkbfile1:amd64 (1:1.1.0-1+b4) ...

2025-11-13T21:11:59.531205085Z [inf]  Setting up fonts-liberation-sans-narrow (1:1.07.6-4) ...

2025-11-13T21:11:59.534552727Z [inf]  Setting up dbus-system-bus-common (1.16.2-2) ...

2025-11-13T21:11:59.541161449Z [inf]  Creating group 'messagebus' with GID 996.

2025-11-13T21:11:59.541344602Z [inf]  Creating user 'messagebus' (System Message Bus) with UID 996 and GID 996.

2025-11-13T21:11:59.548189102Z [inf]  Setting up libisl23:amd64 (0.27-1) ...

2025-11-13T21:11:59.551385253Z [inf]  Setting up libgpg-error-l10n (1.51-4) ...

2025-11-13T21:11:59.554708158Z [inf]  Setting up libdrm-common (2.4.124-2) ...

2025-11-13T21:11:59.557784894Z [inf]  Setting up libxcomposite1:amd64 (1:0.4.6-1) ...

2025-11-13T21:11:59.560772063Z [inf]  Setting up libjson-c5:amd64 (0.18+ds-1) ...

2025-11-13T21:11:59.563649705Z [inf]  Setting up publicsuffix (20250328.1952-0.1) ...

2025-11-13T21:11:59.566645844Z [inf]  Setting up libxml2:amd64 (2.12.7+dfsg+really2.9.14-2.1+deb13u1) ...

2025-11-13T21:11:59.569615649Z [inf]  Setting up xdg-utils (1.2.1-2) ...

2025-11-13T21:11:59.574271745Z [inf]  update-alternatives: using /usr/bin/xdg-open to provide /usr/bin/open (open) in auto mode

2025-11-13T21:11:59.574350297Z [inf]  update-alternatives: warning: skip creation of /usr/share/man/man1/open.1.gz because associated file /usr/share/man/man1/xdg-open.1.gz (of link group open) doesn't exist

2025-11-13T21:11:59.576452384Z [inf]  Setting up libldap2:amd64 (2.6.10+dfsg-1) ...

2025-11-13T21:11:59.579267672Z [inf]  Setting up libxmuu1:amd64 (2:1.1.3-3+b4) ...

2025-11-13T21:11:59.582254375Z [inf]  Setting up dbus-bin (1.16.2-2) ...

2025-11-13T21:11:59.585176748Z [inf]  Setting up libkmod2:amd64 (34.2-2) ...

2025-11-13T21:11:59.588198334Z [inf]  Setting up libxkbcommon0:amd64 (1.7.0-2) ...

2025-11-13T21:11:59.591359436Z [inf]  Setting up libwayland-client0:amd64 (1.23.1-3) ...

2025-11-13T21:11:59.59428968Z [inf]  Setting up libksba8:amd64 (1.6.7-2+b1) ...

2025-11-13T21:11:59.597437808Z [inf]  Setting up pinentry-curses (1.3.1-2) ...

2025-11-13T21:11:59.6030085Z [inf]  Setting up libxcb-dri3-0:amd64 (1.17.0-2+b1) ...

2025-11-13T21:11:59.606031692Z [inf]  Setting up libllvm19:amd64 (1:19.1.7-3+b1) ...

2025-11-13T21:11:59.608930182Z [inf]  Setting up libx11-xcb1:amd64 (2:1.8.12-1) ...

2025-11-13T21:11:59.612201576Z [inf]  Setting up libice6:amd64 (2:1.1.1-1) ...

2025-11-13T21:11:59.615411281Z [inf]  Setting up libxdamage1:amd64 (1:1.1.6-1+b2) ...

2025-11-13T21:11:59.618397298Z [inf]  Setting up gpg-agent (2.4.7-21+b3) ...

2025-11-13T21:11:59.718570089Z [inf]  Created symlink '/etc/systemd/user/sockets.target.wants/gpg-agent-browser.socket'  '/usr/lib/systemd/user/gpg-agent-browser.socket'.

2025-11-13T21:11:59.815189523Z [inf]  Created symlink '/etc/systemd/user/sockets.target.wants/gpg-agent-extra.socket'  '/usr/lib/systemd/user/gpg-agent-extra.socket'.

2025-11-13T21:11:59.912783433Z [inf]  Created symlink '/etc/systemd/user/sockets.target.wants/gpg-agent-ssh.socket'  '/usr/lib/systemd/user/gpg-agent-ssh.socket'.

2025-11-13T21:12:00.009563425Z [inf]  Created symlink '/etc/systemd/user/sockets.target.wants/gpg-agent.socket'  '/usr/lib/systemd/user/gpg-agent.socket'.

2025-11-13T21:12:00.012603847Z [inf]  Setting up libxpm4:amd64 (1:3.5.17-1+b3) ...

2025-11-13T21:12:00.015706946Z [inf]  Setting up libxrender1:amd64 (1:0.9.12-1) ...

2025-11-13T21:12:00.018542698Z [inf]  Setting up alsa-ucm-conf (1.2.14-1) ...

2025-11-13T21:12:00.021514903Z [inf]  Setting up fontconfig-config (2.15.0-2.3) ...

2025-11-13T21:12:00.081523632Z [inf]  debconf: unable to initialize frontend: Dialog
debconf: (TERM is not set, so the dialog frontend is not usable.)
debconf: falling back to frontend: Readline

2025-11-13T21:12:00.086948902Z [inf]  debconf: unable to initialize frontend: Readline
debconf: (This frontend requires a controlling tty.)
debconf: falling back to frontend: Teletype

2025-11-13T21:12:00.09041272Z [inf]  debconf: unable to initialize frontend: Teletype
debconf: (This frontend requires a controlling tty.)
debconf: falling back to frontend: Noninteractive

2025-11-13T21:12:00.117302763Z [inf]  Setting up gpgsm (2.4.7-21+b3) ...

2025-11-13T21:12:00.120206408Z [inf]  Setting up libavahi-common3:amd64 (0.8-16) ...

2025-11-13T21:12:00.123175277Z [inf]  Setting up libxext6:amd64 (2:1.3.4-1+b3) ...

2025-11-13T21:12:00.12646301Z [inf]  Setting up libidn2-0:amd64 (2.3.8-2) ...

2025-11-13T21:12:00.129634508Z [inf]  Setting up libnss3:amd64 (2:3.110-1) ...

2025-11-13T21:12:00.132862404Z [inf]  Setting up dbus-daemon (1.16.2-2) ...

2025-11-13T21:12:00.143463166Z [inf]  Setting up libxxf86vm1:amd64 (1:1.1.4-1+b4) ...

2025-11-13T21:12:00.146668999Z [inf]  Setting up libperl5.40:amd64 (5.40.1-6) ...

2025-11-13T21:12:00.150013388Z [inf]  Setting up libthai0:amd64 (0.1.29-2+b1) ...

2025-11-13T21:12:00.153148592Z [inf]  Setting up perl (5.40.1-6) ...

2025-11-13T21:12:00.159509268Z [inf]  Setting up libglib2.0-0t64:amd64 (2.84.4-3~deb13u1) ...

2025-11-13T21:12:00.170787942Z [inf]  Setting up libfreetype6:amd64 (2.13.3+dfsg-1) ...

2025-11-13T21:12:00.173832697Z [inf]  Setting up libdata-dump-perl (1.25-1) ...

2025-11-13T21:12:00.177012784Z [inf]  Setting up libxfixes3:amd64 (1:6.0.0-2+b4) ...

2025-11-13T21:12:00.180042849Z [inf]  Setting up libipc-system-simple-perl (1.30-2) ...

2025-11-13T21:12:00.183086103Z [inf]  Setting up libxml-xpathengine-perl (0.14-2) ...

2025-11-13T21:12:00.186438938Z [inf]  Setting up dbus (1.16.2-2) ...

2025-11-13T21:12:00.206681034Z [inf]  invoke-rc.d: could not determine current runlevel

2025-11-13T21:12:00.209561489Z [inf]  invoke-rc.d: policy-rc.d denied execution of start.

2025-11-13T21:12:00.211044311Z [inf]  Setting up libio-compress-brotli-perl (0.004001-2+b3) ...

2025-11-13T21:12:00.214334405Z [inf]  Setting up shared-mime-info (2.4-5+b2) ...

2025-11-13T21:12:00.904573249Z [inf]  Setting up libxinerama1:amd64 (2:1.1.4-3+b4) ...

2025-11-13T21:12:00.907871011Z [inf]  Setting up libxv1:amd64 (2:1.0.11-1.1+b3) ...

2025-11-13T21:12:00.910942181Z [inf]  Setting up libgssapi-krb5-2:amd64 (1.21.3-5) ...

2025-11-13T21:12:00.914875935Z [inf]  Setting up libio-html-perl (1.004-3) ...

2025-11-13T21:12:00.917792801Z [inf]  Setting up libxrandr2:amd64 (2:1.5.4-1+b3) ...

2025-11-13T21:12:00.920604292Z [inf]  Setting up cpp-14-x86-64-linux-gnu (14.2.0-19) ...

2025-11-13T21:12:00.923115234Z [inf]  Setting up cpp-14 (14.2.0-19) ...

2025-11-13T21:12:00.925646208Z [inf]  Setting up libtimedate-perl (2.3300-2) ...

2025-11-13T21:12:00.928205504Z [inf]  Setting up libdrm2:amd64 (2.4.124-2) ...

2025-11-13T21:12:00.930918593Z [inf]  Setting up libwayland-cursor0:amd64 (1.23.1-3) ...

2025-11-13T21:12:00.933851234Z [inf]  Setting up libpam-systemd:amd64 (257.8-1~deb13u2) ...

2025-11-13T21:12:00.996662663Z [inf]  debconf: unable to initialize frontend: Dialog
debconf: (TERM is not set, so the dialog frontend is not usable.)
debconf: falling back to frontend: Readline

2025-11-13T21:12:01.002105584Z [inf]  debconf: unable to initialize frontend: Readline
debconf: (This frontend requires a controlling tty.)
debconf: falling back to frontend: Teletype

2025-11-13T21:12:01.005501428Z [inf]  debconf: unable to initialize frontend: Teletype
debconf: (This frontend requires a controlling tty.)
debconf: falling back to frontend: Noninteractive

2025-11-13T21:12:01.050471867Z [inf]  Setting up libharfbuzz0b:amd64 (10.2.0-1+b1) ...

2025-11-13T21:12:01.054265882Z [inf]  Setting up libgdk-pixbuf-2.0-0:amd64 (2.42.12+dfsg-4) ...

2025-11-13T21:12:01.072590755Z [inf]  Setting up libfontconfig1:amd64 (2.15.0-2.3) ...

2025-11-13T21:12:01.075905559Z [inf]  Setting up libsm6:amd64 (2:1.2.6-1) ...

2025-11-13T21:12:01.079375392Z [inf]  Setting up libavahi-client3:amd64 (0.8-16) ...

2025-11-13T21:12:01.088864702Z [inf]  Setting up liburi-perl (5.30-1) ...

2025-11-13T21:12:01.092283392Z [inf]  Setting up libx11-protocol-perl (0.56-9) ...

2025-11-13T21:12:01.095312051Z [inf]  Setting up gpg (2.4.7-21+b3) ...

2025-11-13T21:12:01.194809777Z [inf]  Created symlink '/etc/systemd/user/sockets.target.wants/keyboxd.socket'  '/usr/lib/systemd/user/keyboxd.socket'.

2025-11-13T21:12:01.197949506Z [inf]  Setting up gnupg-utils (2.4.7-21+b3) ...

2025-11-13T21:12:01.201135833Z [inf]  Setting up libdrm-amdgpu1:amd64 (2.4.124-2) ...

2025-11-13T21:12:01.204227301Z [inf]  Setting up libnet-ssleay-perl:amd64 (1.94-3) ...

2025-11-13T21:12:01.207638538Z [inf]  Setting up cpp-x86-64-linux-gnu (4:14.2.0-1) ...

2025-11-13T21:12:01.210735017Z [inf]  Setting up libgnutls30t64:amd64 (3.8.9-3) ...

2025-11-13T21:12:01.213717783Z [inf]  Setting up mesa-vulkan-drivers:amd64 (25.0.7-2) ...

2025-11-13T21:12:01.216854424Z [inf]  Setting up gtk-update-icon-cache (4.18.6+ds-2) ...

2025-11-13T21:12:01.219900908Z [inf]  Setting up libhttp-date-perl (6.06-1) ...

2025-11-13T21:12:01.222992663Z [inf]  Setting up fontconfig (2.15.0-2.3) ...

2025-11-13T21:12:01.226864751Z [inf]  Regenerating fonts cache... 
2025-11-13T21:12:03.238441462Z [inf]  done.

2025-11-13T21:12:03.240146249Z [inf]  Setting up libxft2:amd64 (2.3.6-1+b4) ...

2025-11-13T21:12:03.243624291Z [inf]  Setting up libfile-basedir-perl (0.09-2) ...

2025-11-13T21:12:03.246895238Z [inf]  Setting up libtie-ixhash-perl (1.23-4) ...

2025-11-13T21:12:03.250073318Z [inf]  Setting up libatk1.0-0t64:amd64 (2.56.2-1) ...

2025-11-13T21:12:03.253152778Z [inf]  Setting up libfile-listing-perl (6.16-1) ...

2025-11-13T21:12:03.256065167Z [inf]  Setting up libxi6:amd64 (2:1.8.2-1) ...

2025-11-13T21:12:03.25900279Z [inf]  Setting up libfont-afm-perl (1.20-4) ...

2025-11-13T21:12:03.262015394Z [inf]  Setting up libclone-perl:amd64 (0.47-1+b1) ...

2025-11-13T21:12:03.265101198Z [inf]  Setting up libio-stringy-perl (2.113-2) ...

2025-11-13T21:12:03.268240953Z [inf]  Setting up libxtst6:amd64 (2:1.2.5-1) ...

2025-11-13T21:12:03.271681292Z [inf]  Setting up libhtml-tagset-perl (3.24-1) ...

2025-11-13T21:12:03.274750893Z [inf]  Setting up libauthen-sasl-perl (2.1700-1) ...

2025-11-13T21:12:03.277685409Z [inf]  Setting up libxcursor1:amd64 (1:1.2.3-1) ...

2025-11-13T21:12:03.280836518Z [inf]  Setting up libpango-1.0-0:amd64 (1.56.3-1) ...

2025-11-13T21:12:03.283828111Z [inf]  Setting up libdrm-intel1:amd64 (2.4.124-2) ...

2025-11-13T21:12:03.286658926Z [inf]  Setting up liblwp-mediatypes-perl (6.04-2) ...

2025-11-13T21:12:03.28962196Z [inf]  Setting up libtry-tiny-perl (0.32-1) ...

2025-11-13T21:12:03.29278134Z [inf]  Setting up libpsl5t64:amd64 (0.21.2-1.1+b1) ...

2025-11-13T21:12:03.295820275Z [inf]  Setting up libxxf86dga1:amd64 (2:1.1.5-1+b3) ...

2025-11-13T21:12:03.298887134Z [inf]  Setting up libcloudproviders0:amd64 (0.3.6-2) ...

2025-11-13T21:12:03.301831656Z [inf]  Setting up libnet-http-perl (6.23-1) ...

2025-11-13T21:12:03.304780021Z [inf]  Setting up libencode-locale-perl (1.05-3) ...

2025-11-13T21:12:03.307721206Z [inf]  Setting up libcairo2:amd64 (1.18.4-1+b1) ...

2025-11-13T21:12:03.310631981Z [inf]  Setting up libcolord2:amd64 (1.4.7-3) ...

2025-11-13T21:12:03.313508343Z [inf]  Setting up libdconf1:amd64 (0.40.0-5) ...

2025-11-13T21:12:03.316396136Z [inf]  Setting up dirmngr (2.4.7-21+b3) ...

2025-11-13T21:12:03.415917524Z [inf]  Created symlink '/etc/systemd/user/sockets.target.wants/dirmngr.socket'  '/usr/lib/systemd/user/dirmngr.socket'.

2025-11-13T21:12:03.428413567Z [inf]  Setting up dbus-user-session (1.16.2-2) ...

2025-11-13T21:12:03.433237503Z [inf]  Setting up adwaita-icon-theme (48.1-1) ...

2025-11-13T21:12:03.444704834Z [inf]  update-alternatives: using /usr/share/icons/Adwaita/cursor.theme to provide /usr/share/icons/default/index.theme (x-cursor-theme) in auto mode

2025-11-13T21:12:03.446890882Z [inf]  Setting up libatspi2.0-0t64:amd64 (2.56.2-1) ...

2025-11-13T21:12:03.449948222Z [inf]  Setting up libxt6t64:amd64 (1:1.2.1-1.2+b2) ...

2025-11-13T21:12:03.453500063Z [inf]  Setting up libfile-desktopentry-perl (0.22-3) ...

2025-11-13T21:12:03.456367045Z [inf]  Setting up libwww-robotrules-perl (6.02-1) ...

2025-11-13T21:12:03.459431325Z [inf]  Setting up libgdk-pixbuf2.0-bin (2.42.12+dfsg-4) ...

2025-11-13T21:12:03.461945004Z [inf]  Setting up cpp (4:14.2.0-1) ...

2025-11-13T21:12:03.470958876Z [inf]  Setting up libhtml-parser-perl:amd64 (3.83-1+b2) ...

2025-11-13T21:12:03.473685432Z [inf]  Setting up gnupg (2.4.7-21) ...

2025-11-13T21:12:03.4775044Z [inf]  Setting up libcairo-gobject2:amd64 (1.18.4-1+b1) ...

2025-11-13T21:12:03.481081314Z [inf]  Setting up libpangoft2-1.0-0:amd64 (1.56.3-1) ...

2025-11-13T21:12:03.484016928Z [inf]  Setting up libcups2t64:amd64 (2.4.10-3+deb13u1) ...

2025-11-13T21:12:03.486969725Z [inf]  Setting up libio-socket-ssl-perl (2.089-1) ...

2025-11-13T21:12:03.489902516Z [inf]  Setting up libpangocairo-1.0-0:amd64 (1.56.3-1) ...

2025-11-13T21:12:03.492604246Z [inf]  Setting up libhttp-message-perl (7.00-2) ...

2025-11-13T21:12:03.495272764Z [inf]  Setting up libhtml-form-perl (6.12-1) ...

2025-11-13T21:12:03.497878226Z [inf]  Setting up libatk-bridge2.0-0t64:amd64 (2.56.2-1) ...

2025-11-13T21:12:03.500674537Z [inf]  Setting up libfile-mimeinfo-perl (0.35-1) ...

2025-11-13T21:12:03.50395297Z [inf]  Setting up libhttp-negotiate-perl (6.01-2) ...

2025-11-13T21:12:03.506722042Z [inf]  Setting up mesa-libgallium:amd64 (25.0.7-2) ...

2025-11-13T21:12:03.509317964Z [inf]  Setting up libxmu6:amd64 (2:1.1.3-3+b4) ...

2025-11-13T21:12:03.512020772Z [inf]  Setting up wget (1.25.0-2) ...

2025-11-13T21:12:03.515634651Z [inf]  Setting up gpg-wks-client (2.4.7-21+b3) ...

2025-11-13T21:12:03.518345265Z [inf]  Setting up libgbm1:amd64 (25.0.7-2) ...

2025-11-13T21:12:03.520967797Z [inf]  Setting up libhttp-cookies-perl (6.11-1) ...

2025-11-13T21:12:03.523567111Z [inf]  Setting up libhtml-tree-perl (5.07-3) ...

2025-11-13T21:12:03.526093347Z [inf]  Setting up libgl1-mesa-dri:amd64 (25.0.7-2) ...

2025-11-13T21:12:03.532681658Z [inf]  Setting up dconf-service (0.40.0-5) ...

2025-11-13T21:12:03.535493032Z [inf]  Setting up libhtml-format-perl (2.16-2) ...

2025-11-13T21:12:03.538397881Z [inf]  Setting up libxaw7:amd64 (2:1.0.16-1) ...

2025-11-13T21:12:03.541388533Z [inf]  Setting up x11-xserver-utils (7.7+11) ...

2025-11-13T21:12:03.544993917Z [inf]  Setting up librsvg2-2:amd64 (2.60.0+dfsg-1) ...

2025-11-13T21:12:03.54789693Z [inf]  Setting up libegl-mesa0:amd64 (25.0.7-2) ...

2025-11-13T21:12:03.550526973Z [inf]  Setting up libnet-smtp-ssl-perl (1.04-2) ...

2025-11-13T21:12:03.553098906Z [inf]  Setting up libmailtools-perl (2.22-1) ...

2025-11-13T21:12:03.555745486Z [inf]  Setting up librsvg2-common:amd64 (2.60.0+dfsg-1) ...

2025-11-13T21:12:03.562052012Z [inf]  Setting up libhttp-daemon-perl (6.16-1) ...

2025-11-13T21:12:03.564614223Z [inf]  Setting up libegl1:amd64 (1.7.0-1+b2) ...

2025-11-13T21:12:03.567288371Z [inf]  Setting up libglx-mesa0:amd64 (25.0.7-2) ...

2025-11-13T21:12:03.569867858Z [inf]  Setting up libglx0:amd64 (1.7.0-1+b2) ...

2025-11-13T21:12:03.57273406Z [inf]  Setting up dconf-gsettings-backend:amd64 (0.40.0-5) ...

2025-11-13T21:12:03.575730404Z [inf]  Setting up libgl1:amd64 (1.7.0-1+b2) ...

2025-11-13T21:12:03.578569338Z [inf]  Setting up zutty (0.16.2.20241020+dfsg1-1) ...

2025-11-13T21:12:03.582248134Z [inf]  update-alternatives: using /usr/bin/zutty to provide /usr/bin/x-terminal-emulator (x-terminal-emulator) in auto mode

2025-11-13T21:12:03.582284562Z [inf]  update-alternatives: warning: skip creation of /usr/share/man/man1/x-terminal-emulator.1.gz because associated file /usr/share/man/man1/zutty.1.gz (of link group x-terminal-emulator) doesn't exist

2025-11-13T21:12:03.584575694Z [inf]  Setting up x11-utils (7.7+7) ...

2025-11-13T21:12:03.601714011Z [inf]  Setting up libgtk-3-common (3.24.49-3) ...

2025-11-13T21:12:03.605595063Z [inf]  Setting up gsettings-desktop-schemas (48.0-1) ...

2025-11-13T21:12:03.6086969Z [inf]  Setting up libgtk-3-0t64:amd64 (3.24.49-3) ...

2025-11-13T21:12:03.623603672Z [inf]  Setting up at-spi2-core (2.56.2-1) ...

2025-11-13T21:12:03.63107771Z [inf]  Setting up libgtk-3-bin (3.24.49-3) ...

2025-11-13T21:12:03.634741289Z [inf]  Setting up dmsetup (2:1.02.205-2) ...

2025-11-13T21:12:03.638258699Z [inf]  Setting up libwww-perl (6.78-1) ...

2025-11-13T21:12:03.641229978Z [inf]  Setting up libdevmapper1.02.1:amd64 (2:1.02.205-2) ...

2025-11-13T21:12:03.643913161Z [inf]  Setting up libcryptsetup12:amd64 (2:2.7.5-2) ...

2025-11-13T21:12:03.647137981Z [inf]  Setting up liblwp-protocol-https-perl (6.14-1) ...

2025-11-13T21:12:03.650179082Z [inf]  Setting up libxml-parser-perl (2.47-1+b3) ...

2025-11-13T21:12:03.653314353Z [inf]  Setting up libxml-twig-perl (1:3.52-3) ...

2025-11-13T21:12:03.656260629Z [inf]  Setting up libnet-dbus-perl (1.2.0-2+b3) ...

2025-11-13T21:12:03.659368259Z [inf]  Setting up systemd-cryptsetup (257.8-1~deb13u2) ...

2025-11-13T21:12:03.662436023Z [inf]  Processing triggers for libc-bin (2.41-12) ...

2025-11-13T21:12:03.674959957Z [inf]  Processing triggers for systemd (257.8-1~deb13u2) ...

2025-11-13T21:12:03.678413224Z [inf]  Processing triggers for libgdk-pixbuf-2.0-0:amd64 (2.42.12+dfsg-4) ...

2025-11-13T21:12:03.755824218Z [inf]  [3/8] RUN apt-get update && apt-get install -y     wget     gnupg     ca-certificates     fonts-liberation     libasound2     libatk-bridge2.0-0     libatk1.0-0     libcups2     libdbus-1-3     libdrm2     libgbm1     libgtk-3-0     libnspr4     libnss3     libx11-xcb1     libxcomposite1     libxdamage1     libxrandr2     xdg-utils     && rm -rf /var/lib/apt/lists/*
2025-11-13T21:12:03.756641117Z [inf]  [4/8] COPY requirements.txt .
2025-11-13T21:12:03.814475326Z [inf]  [4/8] COPY requirements.txt .
2025-11-13T21:12:03.815424181Z [inf]  [5/8] RUN pip install --no-cache-dir -r requirements.txt
2025-11-13T21:12:05.205436161Z [inf]  Collecting fastapi==0.104.1 (from -r requirements.txt (line 2))

2025-11-13T21:12:05.223120402Z [inf]    Downloading fastapi-0.104.1-py3-none-any.whl.metadata (24 kB)

2025-11-13T21:12:05.255010636Z [inf]  Collecting uvicorn==0.24.0 (from uvicorn[standard]==0.24.0->-r requirements.txt (line 3))

2025-11-13T21:12:05.257567646Z [inf]    Downloading uvicorn-0.24.0-py3-none-any.whl.metadata (6.4 kB)

2025-11-13T21:12:05.296445945Z [inf]  Collecting playwright==1.40.0 (from -r requirements.txt (line 4))

2025-11-13T21:12:05.299603426Z [inf]    Downloading playwright-1.40.0-py3-none-manylinux1_x86_64.whl.metadata (3.6 kB)

2025-11-13T21:12:05.322684742Z [inf]  Collecting httpx==0.25.1 (from -r requirements.txt (line 5))

2025-11-13T21:12:05.326114488Z [inf]    Downloading httpx-0.25.1-py3-none-any.whl.metadata (7.1 kB)

2025-11-13T21:12:05.449033287Z [inf]  Collecting pydantic==2.5.0 (from -r requirements.txt (line 6))

2025-11-13T21:12:05.45245248Z [inf]    Downloading pydantic-2.5.0-py3-none-any.whl.metadata (174 kB)

2025-11-13T21:12:05.456701544Z [inf]        174.6/174.6 kB 79.9 MB/s eta 0:00:00
2025-11-13T21:12:05.456789689Z [inf]  

2025-11-13T21:12:05.480265461Z [inf]  Collecting python-dotenv==1.0.0 (from -r requirements.txt (line 7))

2025-11-13T21:12:05.482742812Z [inf]    Downloading python_dotenv-1.0.0-py3-none-any.whl.metadata (21 kB)

2025-11-13T21:12:05.516594117Z [inf]  Collecting anyio<4.0.0,>=3.7.1 (from fastapi==0.104.1->-r requirements.txt (line 2))

2025-11-13T21:12:05.519107954Z [inf]    Downloading anyio-3.7.1-py3-none-any.whl.metadata (4.7 kB)

2025-11-13T21:12:05.569740143Z [inf]  Collecting starlette<0.28.0,>=0.27.0 (from fastapi==0.104.1->-r requirements.txt (line 2))

2025-11-13T21:12:05.572240926Z [inf]    Downloading starlette-0.27.0-py3-none-any.whl.metadata (5.8 kB)

2025-11-13T21:12:05.591684855Z [inf]  Collecting typing-extensions>=4.8.0 (from fastapi==0.104.1->-r requirements.txt (line 2))

2025-11-13T21:12:05.594557326Z [inf]    Downloading typing_extensions-4.15.0-py3-none-any.whl.metadata (3.3 kB)

2025-11-13T21:12:05.621324717Z [inf]  Collecting click>=7.0 (from uvicorn==0.24.0->uvicorn[standard]==0.24.0->-r requirements.txt (line 3))

2025-11-13T21:12:05.623781819Z [inf]    Downloading click-8.3.0-py3-none-any.whl.metadata (2.6 kB)

2025-11-13T21:12:05.635001308Z [inf]  Collecting h11>=0.8 (from uvicorn==0.24.0->uvicorn[standard]==0.24.0->-r requirements.txt (line 3))

2025-11-13T21:12:05.637302457Z [inf]    Downloading h11-0.16.0-py3-none-any.whl.metadata (8.3 kB)

2025-11-13T21:12:05.780438859Z [inf]  Collecting greenlet==3.0.1 (from playwright==1.40.0->-r requirements.txt (line 4))

2025-11-13T21:12:05.783801994Z [inf]    Downloading greenlet-3.0.1-cp311-cp311-manylinux_2_24_x86_64.manylinux_2_28_x86_64.whl.metadata (3.7 kB)

2025-11-13T21:12:05.800877061Z [inf]  Collecting pyee==11.0.1 (from playwright==1.40.0->-r requirements.txt (line 4))

2025-11-13T21:12:05.803899219Z [inf]    Downloading pyee-11.0.1-py3-none-any.whl.metadata (2.7 kB)

2025-11-13T21:12:05.829005251Z [inf]  Collecting certifi (from httpx==0.25.1->-r requirements.txt (line 5))

2025-11-13T21:12:05.831440969Z [inf]    Downloading certifi-2025.11.12-py3-none-any.whl.metadata (2.5 kB)

2025-11-13T21:12:05.85346248Z [inf]  Collecting httpcore (from httpx==0.25.1->-r requirements.txt (line 5))

2025-11-13T21:12:05.856250248Z [inf]    Downloading httpcore-1.0.9-py3-none-any.whl.metadata (21 kB)

2025-11-13T21:12:05.871137016Z [inf]  Collecting idna (from httpx==0.25.1->-r requirements.txt (line 5))

2025-11-13T21:12:05.873817417Z [inf]    Downloading idna-3.11-py3-none-any.whl.metadata (8.4 kB)

2025-11-13T21:12:05.884814669Z [inf]  Collecting sniffio (from httpx==0.25.1->-r requirements.txt (line 5))

2025-11-13T21:12:05.887152981Z [inf]    Downloading sniffio-1.3.1-py3-none-any.whl.metadata (3.9 kB)

2025-11-13T21:12:05.902903215Z [inf]  Collecting annotated-types>=0.4.0 (from pydantic==2.5.0->-r requirements.txt (line 6))

2025-11-13T21:12:05.905242139Z [inf]    Downloading annotated_types-0.7.0-py3-none-any.whl.metadata (15 kB)

2025-11-13T21:12:06.619303588Z [inf]  Collecting pydantic-core==2.14.1 (from pydantic==2.5.0->-r requirements.txt (line 6))

2025-11-13T21:12:06.622084837Z [inf]    Downloading pydantic_core-2.14.1-cp311-cp311-manylinux_2_17_x86_64.manylinux2014_x86_64.whl.metadata (6.5 kB)

2025-11-13T21:12:06.668063425Z [inf]  Collecting httptools>=0.5.0 (from uvicorn[standard]==0.24.0->-r requirements.txt (line 3))

2025-11-13T21:12:06.670573214Z [inf]    Downloading httptools-0.7.1-cp311-cp311-manylinux1_x86_64.manylinux_2_28_x86_64.manylinux_2_5_x86_64.whl.metadata (3.5 kB)

2025-11-13T21:12:06.709297542Z [inf]  Collecting pyyaml>=5.1 (from uvicorn[standard]==0.24.0->-r requirements.txt (line 3))

2025-11-13T21:12:06.711845204Z [inf]    Downloading pyyaml-6.0.3-cp311-cp311-manylinux2014_x86_64.manylinux_2_17_x86_64.manylinux_2_28_x86_64.whl.metadata (2.4 kB)

2025-11-13T21:12:06.753383934Z [inf]  Collecting uvloop!=0.15.0,!=0.15.1,>=0.14.0 (from uvicorn[standard]==0.24.0->-r requirements.txt (line 3))

2025-11-13T21:12:06.756877147Z [inf]    Downloading uvloop-0.22.1-cp311-cp311-manylinux2014_x86_64.manylinux_2_17_x86_64.manylinux_2_28_x86_64.whl.metadata (4.9 kB)

2025-11-13T21:12:06.829195757Z [inf]  Collecting watchfiles>=0.13 (from uvicorn[standard]==0.24.0->-r requirements.txt (line 3))

2025-11-13T21:12:06.831967856Z [inf]    Downloading watchfiles-1.1.1-cp311-cp311-manylinux_2_17_x86_64.manylinux2014_x86_64.whl.metadata (4.9 kB)

2025-11-13T21:12:06.915762943Z [inf]  Collecting websockets>=10.4 (from uvicorn[standard]==0.24.0->-r requirements.txt (line 3))

2025-11-13T21:12:06.918442481Z [inf]    Downloading websockets-15.0.1-cp311-cp311-manylinux_2_5_x86_64.manylinux1_x86_64.manylinux_2_17_x86_64.manylinux2014_x86_64.whl.metadata (6.8 kB)

2025-11-13T21:12:07.012710903Z [inf]  Downloading fastapi-0.104.1-py3-none-any.whl (92 kB)

2025-11-13T21:12:07.014848398Z [inf]      92.9/92.9 kB 150.2 MB/s eta 0:00:00
2025-11-13T21:12:07.014995354Z [inf]  

2025-11-13T21:12:07.017398751Z [inf]  Downloading uvicorn-0.24.0-py3-none-any.whl (59 kB)

2025-11-13T21:12:07.01915725Z [inf]      59.6/59.6 kB 393.6 MB/s eta 0:00:00
2025-11-13T21:12:07.019293846Z [inf]  

2025-11-13T21:12:07.025343372Z [inf]  Downloading playwright-1.40.0-py3-none-manylinux1_x86_64.whl (37.2 MB)

2025-11-13T21:12:07.123558137Z [inf]      37.2/37.2 MB 396.9 MB/s eta 0:00:00
2025-11-13T21:12:07.123658157Z [inf]  

2025-11-13T21:12:07.127262611Z [inf]  Downloading httpx-0.25.1-py3-none-any.whl (75 kB)

2025-11-13T21:12:07.128955938Z [inf]      75.0/75.0 kB 361.0 MB/s eta 0:00:00
2025-11-13T21:12:07.129032055Z [inf]  

2025-11-13T21:12:07.132766367Z [inf]  Downloading pydantic-2.5.0-py3-none-any.whl (407 kB)

2025-11-13T21:12:07.135625322Z [inf]      407.5/407.5 kB 370.0 MB/s eta 0:00:00
2025-11-13T21:12:07.135765317Z [inf]  

2025-11-13T21:12:07.138123243Z [inf]  Downloading python_dotenv-1.0.0-py3-none-any.whl (19 kB)

2025-11-13T21:12:07.14185214Z [inf]  Downloading greenlet-3.0.1-cp311-cp311-manylinux_2_24_x86_64.manylinux_2_28_x86_64.whl (616 kB)

2025-11-13T21:12:07.144858636Z [inf]      616.7/616.7 kB 407.9 MB/s eta 0:00:00
2025-11-13T21:12:07.145006461Z [inf]  

2025-11-13T21:12:07.149262019Z [inf]  Downloading pydantic_core-2.14.1-cp311-cp311-manylinux_2_17_x86_64.manylinux2014_x86_64.whl (2.1 MB)

2025-11-13T21:12:07.156149428Z [inf]      2.1/2.1 MB 372.3 MB/s eta 0:00:00
2025-11-13T21:12:07.156331876Z [inf]  

2025-11-13T21:12:07.159353557Z [inf]  Downloading pyee-11.0.1-py3-none-any.whl (15 kB)

2025-11-13T21:12:07.161911172Z [inf]  Downloading annotated_types-0.7.0-py3-none-any.whl (13 kB)

2025-11-13T21:12:07.1643151Z [inf]  Downloading anyio-3.7.1-py3-none-any.whl (80 kB)

2025-11-13T21:12:07.165829345Z [inf]      80.9/80.9 kB 430.0 MB/s eta 0:00:00
2025-11-13T21:12:07.166038376Z [inf]  

2025-11-13T21:12:07.168458429Z [inf]  Downloading click-8.3.0-py3-none-any.whl (107 kB)

2025-11-13T21:12:07.170428412Z [inf]      107.3/107.3 kB 403.2 MB/s eta 0:00:00
2025-11-13T21:12:07.170578444Z [inf]  

2025-11-13T21:12:07.172709274Z [inf]  Downloading h11-0.16.0-py3-none-any.whl (37 kB)

2025-11-13T21:12:07.176575595Z [inf]  Downloading httptools-0.7.1-cp311-cp311-manylinux1_x86_64.manylinux_2_28_x86_64.manylinux_2_5_x86_64.whl (456 kB)

2025-11-13T21:12:07.179068114Z [inf]      456.6/456.6 kB 417.7 MB/s eta 0:00:00
2025-11-13T21:12:07.179196853Z [inf]  

2025-11-13T21:12:07.181386108Z [inf]  Downloading idna-3.11-py3-none-any.whl (71 kB)

2025-11-13T21:12:07.182820954Z [inf]      71.0/71.0 kB 396.9 MB/s eta 0:00:00
2025-11-13T21:12:07.182940244Z [inf]  

2025-11-13T21:12:07.185183476Z [inf]  Downloading pyyaml-6.0.3-cp311-cp311-manylinux2014_x86_64.manylinux_2_17_x86_64.manylinux_2_28_x86_64.whl (806 kB)

2025-11-13T21:12:07.188533525Z [inf]      806.6/806.6 kB 412.6 MB/s eta 0:00:00
2025-11-13T21:12:07.188654472Z [inf]  

2025-11-13T21:12:07.190860712Z [inf]  Downloading sniffio-1.3.1-py3-none-any.whl (10 kB)

2025-11-13T21:12:07.193147898Z [inf]  Downloading starlette-0.27.0-py3-none-any.whl (66 kB)

2025-11-13T21:12:07.194619887Z [inf]      67.0/67.0 kB 384.7 MB/s eta 0:00:00
2025-11-13T21:12:07.194767231Z [inf]  

2025-11-13T21:12:07.197097881Z [inf]  Downloading typing_extensions-4.15.0-py3-none-any.whl (44 kB)

2025-11-13T21:12:07.198662495Z [inf]      44.6/44.6 kB 135.8 MB/s eta 0:00:00
2025-11-13T21:12:07.198783908Z [inf]  

2025-11-13T21:12:07.20111917Z [inf]  Downloading uvloop-0.22.1-cp311-cp311-manylinux2014_x86_64.manylinux_2_17_x86_64.manylinux_2_28_x86_64.whl (3.8 MB)

2025-11-13T21:12:07.212330341Z [inf]      3.8/3.8 MB 386.7 MB/s eta 0:00:00
2025-11-13T21:12:07.212433138Z [inf]  

2025-11-13T21:12:07.214758364Z [inf]  Downloading watchfiles-1.1.1-cp311-cp311-manylinux_2_17_x86_64.manylinux2014_x86_64.whl (456 kB)

2025-11-13T21:12:07.218335304Z [inf]      456.1/456.1 kB 211.9 MB/s eta 0:00:00
2025-11-13T21:12:07.218452392Z [inf]  

2025-11-13T21:12:07.221501976Z [inf]  Downloading websockets-15.0.1-cp311-cp311-manylinux_2_5_x86_64.manylinux1_x86_64.manylinux_2_17_x86_64.manylinux2014_x86_64.whl (182 kB)

2025-11-13T21:12:07.223315356Z [inf]      182.3/182.3 kB 456.6 MB/s eta 0:00:00
2025-11-13T21:12:07.223446541Z [inf]  

2025-11-13T21:12:07.225820455Z [inf]  Downloading certifi-2025.11.12-py3-none-any.whl (159 kB)

2025-11-13T21:12:07.227769555Z [inf]      159.4/159.4 kB 441.0 MB/s eta 0:00:00
2025-11-13T21:12:07.227880263Z [inf]  

2025-11-13T21:12:07.230100877Z [inf]  Downloading httpcore-1.0.9-py3-none-any.whl (78 kB)

2025-11-13T21:12:07.231771535Z [inf]      78.8/78.8 kB 208.4 MB/s eta 0:00:00
2025-11-13T21:12:07.231922303Z [inf]  

2025-11-13T21:12:07.485598896Z [inf]  Installing collected packages: websockets, uvloop, typing-extensions, sniffio, pyyaml, python-dotenv, idna, httptools, h11, greenlet, click, certifi, annotated-types, uvicorn, pyee, pydantic-core, httpcore, anyio, watchfiles, starlette, pydantic, playwright, httpx, fastapi

2025-11-13T21:12:09.190738079Z [inf]  Successfully installed annotated-types-0.7.0 anyio-3.7.1 certifi-2025.11.12 click-8.3.0 fastapi-0.104.1 greenlet-3.0.1 h11-0.16.0 httpcore-1.0.9 httptools-0.7.1 httpx-0.25.1 idna-3.11 playwright-1.40.0 pydantic-2.5.0 pydantic-core-2.14.1 pyee-11.0.1 python-dotenv-1.0.0 pyyaml-6.0.3 sniffio-1.3.1 starlette-0.27.0 typing-extensions-4.15.0 uvicorn-0.24.0 uvloop-0.22.1 watchfiles-1.1.1 websockets-15.0.1

2025-11-13T21:12:09.190959516Z [inf]  WARNING: Running pip as the 'root' user can result in broken permissions and conflicting behaviour with the system package manager. It is recommended to use a virtual environment instead: https://pip.pypa.io/warnings/venv

2025-11-13T21:12:09.255346252Z [inf]  
[notice] A new release of pip is available: 24.0 -> 25.3
[notice] To update, run: pip install --upgrade pip

2025-11-13T21:12:09.563050894Z [inf]  [5/8] RUN pip install --no-cache-dir -r requirements.txt
2025-11-13T21:12:09.563908188Z [inf]  [6/8] RUN playwright install chromium
2025-11-13T21:12:10.113921485Z [inf]  BEWARE: your OS is not officially supported by Playwright; downloading fallback build for ubuntu20.04-x64.

2025-11-13T21:12:10.114588282Z [inf]  Downloading Chromium 120.0.6099.28 (playwright build v1091) from https://playwright.azureedge.net/builds/chromium/1091/chromium-linux.zip

2025-11-13T21:12:10.2471544Z [inf]  |                                                                                |   0% of 153.1 Mb

2025-11-13T21:12:10.318279189Z [inf]  |                                                                        |  10% of 153.1 Mb

2025-11-13T21:12:10.374872083Z [inf]  |                                                                |  20% of 153.1 Mb

2025-11-13T21:12:10.420457823Z [inf]  |                                                        |  30% of 153.1 Mb

2025-11-13T21:12:10.466453704Z [inf]  |                                                |  40% of 153.1 Mb

2025-11-13T21:12:10.507882703Z [inf]  |                                        |  50% of 153.1 Mb

2025-11-13T21:12:10.552517783Z [inf]  |                                |  60% of 153.1 Mb

2025-11-13T21:12:10.593498538Z [inf]  |                        |  70% of 153.1 Mb

2025-11-13T21:12:10.635383814Z [inf]  |                |  80% of 153.1 Mb

2025-11-13T21:12:10.676561338Z [inf]  |        |  90% of 153.1 Mb

2025-11-13T21:12:10.7209634Z [inf]  || 100% of 153.1 Mb

2025-11-13T21:12:13.128466054Z [inf]  Chromium 120.0.6099.28 (playwright build v1091) downloaded to /root/.cache/ms-playwright/chromium-1091

2025-11-13T21:12:13.12865137Z [inf]  BEWARE: your OS is not officially supported by Playwright; downloading fallback build for ubuntu20.04-x64.

2025-11-13T21:12:13.128795815Z [inf]  Downloading FFMPEG playwright build v1009 from https://playwright.azureedge.net/builds/ffmpeg/1009/ffmpeg-linux.zip

2025-11-13T21:12:13.255343175Z [inf]  |                                                                                |   0% of 2.6 Mb

2025-11-13T21:12:13.260614728Z [inf]  |                                                                        |  10% of 2.6 Mb

2025-11-13T21:12:13.262828793Z [inf]  |                                                                |  20% of 2.6 Mb

2025-11-13T21:12:13.264527565Z [inf]  |                                                        |  30% of 2.6 Mb

2025-11-13T21:12:13.266068241Z [inf]  |                                                |  40% of 2.6 Mb

2025-11-13T21:12:13.268584519Z [inf]  |                                        |  50% of 2.6 Mb

2025-11-13T21:12:13.269774086Z [inf]  |                                |  60% of 2.6 Mb

2025-11-13T21:12:13.270806263Z [inf]  |                        |  70% of 2.6 Mb

2025-11-13T21:12:13.272112246Z [inf]  |                |  80% of 2.6 Mb

2025-11-13T21:12:13.273361933Z [inf]  |        |  90% of 2.6 Mb

2025-11-13T21:12:13.275712686Z [inf]  || 100% of 2.6 Mb

2025-11-13T21:12:13.331758814Z [inf]  FFMPEG playwright build v1009 downloaded to /root/.cache/ms-playwright/ffmpeg-1009

2025-11-13T21:12:13.475443457Z [inf]  [6/8] RUN playwright install chromium
2025-11-13T21:12:13.476086740Z [inf]  [7/8] RUN playwright install-deps chromium
2025-11-13T21:12:13.769474704Z [inf]  BEWARE: your OS is not officially supported by Playwright; installing dependencies for ubuntu20.04-x64 as a fallback.

2025-11-13T21:12:13.769810095Z [inf]  Installing dependencies...

2025-11-13T21:12:13.7975996Z [inf]  Get:1 http://deb.debian.org/debian trixie InRelease [140 kB]

2025-11-13T21:12:13.806548011Z [inf]  Get:2 http://deb.debian.org/debian trixie-updates InRelease [47.3 kB]

2025-11-13T21:12:13.806595565Z [inf]  Get:3 http://deb.debian.org/debian-security trixie-security InRelease [43.4 kB]

2025-11-13T21:12:13.840288735Z [inf]  Get:4 http://deb.debian.org/debian trixie/main amd64 Packages [9669 kB]

2025-11-13T21:12:13.900654583Z [inf]  Get:5 http://deb.debian.org/debian trixie-updates/main amd64 Packages [5412 B]

2025-11-13T21:12:13.90175848Z [inf]  Get:6 http://deb.debian.org/debian-security trixie-security/main amd64 Packages [71.4 kB]

2025-11-13T21:12:14.695478359Z [inf]  Fetched 9977 kB in 1s (11.0 MB/s)
Reading package lists...
2025-11-13T21:12:15.186851344Z [inf]  

2025-11-13T21:12:15.202778216Z [inf]  Reading package lists...
2025-11-13T21:12:15.683620161Z [inf]  

2025-11-13T21:12:15.693927995Z [inf]  Building dependency tree...
2025-11-13T21:12:15.796535265Z [inf]  
Reading state information...
2025-11-13T21:12:15.797293705Z [inf]  

2025-11-13T21:12:15.809968849Z [inf]  Package ttf-ubuntu-font-family is not available, but is referred to by another package.
This may mean that the package is missing, has been obsoleted, or
is only available from another source

Package ttf-unifont is not available, but is referred to by another package.
This may mean that the package is missing, has been obsoleted, or
is only available from another source
However the following packages replace it:
  fonts-unifont


2025-11-13T21:12:15.811797921Z [inf]  E: Package 'ttf-unifont' has no installation candidate
E: Package 'ttf-ubuntu-font-family' has no installation candidate

2025-11-13T21:12:15.81333494Z [inf]  Failed to install browser dependencies
Error: Installation process exited with code: 100

2025-11-13T21:12:15.841213476Z [err]  [7/8] RUN playwright install-deps chromium
2025-11-13T21:12:15.857267926Z [err]  Dockerfile:38
2025-11-13T21:12:15.857296499Z [err]  -------------------
2025-11-13T21:12:15.857300925Z [err]  36 |     # Install Playwright browsers
2025-11-13T21:12:15.857304469Z [err]  37 |     RUN playwright install chromium
2025-11-13T21:12:15.857309349Z [err]  38 | >>> RUN playwright install-deps chromium
2025-11-13T21:12:15.857312562Z [err]  39 |
2025-11-13T21:12:15.857315973Z [err]  40 |     # Copy application code
2025-11-13T21:12:15.857319268Z [err]  -------------------
2025-11-13T21:12:15.857323149Z [err]  ERROR: failed to build: failed to solve: process "/bin/sh -c playwright install-deps chromium" did not complete successfully: exit code: 1